#
# A fatal error has been detected by the Java Runtime Environment:
#
#  SIGSEGV (0xb) at pc=0x00007f47af33ddfc, pid=25760, tid=25764
#
# JRE version: OpenJDK Runtime Environment (11.0.7+10) (build 11.0.7+10-post-Ubuntu-2ubuntu219.10)
# Java VM: OpenJDK 64-Bit Server VM (11.0.7+10-post-Ubuntu-2ubuntu219.10, mixed mode, sharing, tiered, compressed oops, g1 gc, linux-amd64)
# Problematic frame:
# C  [libnvidia-glcore.so.390.138+0x1145dfc]
#
# Core dump will be written. Default location: Core dumps may be processed with "/usr/share/apport/apport %p %s %c %d %P %E" (or dumping to /home/martin/JavaMario/core.25760)
#
# If you would like to submit a bug report, please visit:
#   https://bugs.launchpad.net/ubuntu/+source/openjdk-lts
# The crash happened outside the Java Virtual Machine in native code.
# See problematic frame for where to report the bug.
#

---------------  S U M M A R Y ------------

Command Line: -Dfile.encoding=UTF-8 -Duser.country=US -Duser.language=en -Duser.variant Main

Host: Intel(R) Pentium(R) CPU  N3540  @ 2.16GHz, 4 cores, 3G, Ubuntu 19.10
Time: Mon Jan 11 10:47:02 2021 GMT elapsed time: 1 seconds (0d 0h 0m 1s)

---------------  T H R E A D  ---------------

Current thread (0x00007f4808016800):  JavaThread "main" [_thread_in_native, id=25764, stack(0x00007f480c159000,0x00007f480c25a000)]

Stack: [0x00007f480c159000,0x00007f480c25a000],  sp=0x00007f480c257d10,  free space=1019k
Native frames: (J=compiled Java code, A=aot compiled Java code, j=interpreted, Vv=VM code, C=native code)
C  [libnvidia-glcore.so.390.138+0x1145dfc]

Java frames: (J=compiled Java code, j=interpreted, Vv=VM code)
j  org.lwjgl.opengl.GL11C.nglTexImage2D(IIIIIIIIJ)V+0
j  org.lwjgl.opengl.GL11C.glTexImage2D(IIIIIIIILjava/nio/ByteBuffer;)V+17
j  org.lwjgl.opengl.GL11.glTexImage2D(IIIIIIIILjava/nio/ByteBuffer;)V+14
j  renderer.Texture.<init>(Ljava/lang/String;)V+132
j  jade.LevelEditorScene.init()V+45
j  jade.Window.changeScene(I)V+41
j  jade.Window.loop()V+8
j  jade.Window.run()V+19
j  Main.main([Ljava/lang/String;)V+13
v  ~StubRoutines::call_stub

siginfo: si_signo: 11 (SIGSEGV), si_code: 1 (SEGV_MAPERR), si_addr: 0x00007f47ada12000

Register to memory mapping:

RAX=0x0 is NULL
RBX=0x00007f480c257ed0 is pointing into the stack for thread: 0x00007f4808016800
RCX=0x00007f47af34dfd0: <offset 0x0000000001155fd0> in /lib/x86_64-linux-gnu/libnvidia-glcore.so.390.138 at 0x00007f47ae1f8000
RDX=0x0000000000001e00 is an unknown value
RSP=0x00007f480c257d10 is pointing into the stack for thread: 0x00007f4808016800
RBP=0x00007f47ada11fd0 points into unknown readable memory: 00 00 00 00 00 00 00 00
RSI=0x00007f47ada11010 points into unknown readable memory: ff 00 00 00 00 00 00 00
RDI=0x00007f47acc00020 points into unknown readable memory: ff 00 00 00 00 00 00 00
R8 =0x0000000000000400 is an unknown value
R9 =0x00007f47acc00020 points into unknown readable memory: ff 00 00 00 00 00 00 00
R10=0x00007f48088a7e40 points into unknown readable memory: 00 00 00 00 00 00 00 00
R11=0x0 is NULL
R12=0x00007f47acc00fe0 points into unknown readable memory: 00 00 00 00 00 00 00 00
R13=0x0000000000000e00 is an unknown value
R14=0x0000000041bfd000 points into unknown readable memory: f0 2b 3a 08 48 7f 00 00
R15=0x0 is NULL


Registers:
RAX=0x0000000000000000, RBX=0x00007f480c257ed0, RCX=0x00007f47af34dfd0, RDX=0x0000000000001e00
RSP=0x00007f480c257d10, RBP=0x00007f47ada11fd0, RSI=0x00007f47ada11010, RDI=0x00007f47acc00020
R8 =0x0000000000000400, R9 =0x00007f47acc00020, R10=0x00007f48088a7e40, R11=0x0000000000000000
R12=0x00007f47acc00fe0, R13=0x0000000000000e00, R14=0x0000000041bfd000, R15=0x0000000000000000
RIP=0x00007f47af33ddfc, EFLAGS=0x0000000000010206, CSGSFS=0x002b000000000033, ERR=0x0000000000000004
  TRAPNO=0x000000000000000e

Top of Stack: (sp=0x00007f480c257d10)
0x00007f480c257d10:   00000000000005a1 00007f480c257ed0
0x00007f480c257d20:   00000000000005a1 0000000000000780
0x00007f480c257d30:   00007f47aee2aee0 00007f47aee2f0e6
0x00007f480c257d40:   00000001acf85010 0000000000000001 

Instructions: (pc=0x00007f47af33ddfc)
0x00007f47af33dcfc:   0f 4e 97 d4 00 00 00 89 93 a4 00 00 00 39 8f d4
0x00007f47af33dd0c:   00 00 00 0f 4e 8f d4 00 00 00 89 8b ac 00 00 00
0x00007f47af33dd1c:   39 b7 d8 00 00 00 0f 4e b7 d8 00 00 00 89 b3 a8
0x00007f47af33dd2c:   00 00 00 39 87 d8 00 00 00 0f 4e 87 d8 00 00 00
0x00007f47af33dd3c:   89 83 b0 00 00 00 41 80 b8 00 9c 0c 00 00 75 25
0x00007f47af33dd4c:   8b 83 a0 00 00 00 85 c0 74 11 49 8b 80 a8 5b 0c
0x00007f47af33dd5c:   00 48 85 c0 74 05 48 89 df ff d0 48 8b 3b 31 f6
0x00007f47af33dd6c:   e8 df 82 00 00 c7 43 28 02 00 00 00 5b c3 66 0f
0x00007f47af33dd7c:   1f 44 00 00 c7 83 a0 00 00 00 00 00 00 00 c7 43
0x00007f47af33dd8c:   28 02 00 00 00 5b c3 2b 83 b0 00 00 00 8b 93 a8
0x00007f47af33dd9c:   00 00 00 89 83 a8 00 00 00 8b 87 d8 00 00 00 29
0x00007f47af33ddac:   d0 89 83 b0 00 00 00 e9 dc fe ff ff 90 90 90 90
0x00007f47af33ddbc:   90 90 90 90 41 55 48 89 f8 49 89 d5 41 54 49 89
0x00007f47af33ddcc:   fc 55 48 89 f5 53 48 83 ec 08 83 e0 0f 0f 85 f9
0x00007f47af33dddc:   00 00 00 40 f6 c5 0f 74 3e e9 a9 00 00 00 66 0f
0x00007f47af33ddec:   1f 44 00 00 0f 28 4d 10 49 83 ed 40 0f 28 55 20
0x00007f47af33ddfc:   0f 28 5d 30 0f 28 45 00 48 83 c5 40 41 0f 2b 04
0x00007f47af33de0c:   24 41 0f 2b 4c 24 10 41 0f 2b 54 24 20 41 0f 2b
0x00007f47af33de1c:   5c 24 30 49 83 c4 40 49 83 fd 3f 77 c7 49 83 fd
0x00007f47af33de2c:   0f 76 1c 90 0f 28 45 00 49 83 ed 10 48 83 c5 10
0x00007f47af33de3c:   41 0f 2b 04 24 49 83 c4 10 49 83 fd 0f 77 e5 0f
0x00007f47af33de4c:   ae f8 4d 85 ed 75 6d 48 83 c4 08 5b 5d 41 5c 41
0x00007f47af33de5c:   5d c3 66 90 0f 10 45 00 49 83 ed 40 0f 10 4d 10
0x00007f47af33de6c:   0f 10 55 20 0f 10 5d 30 48 83 c5 40 41 0f 2b 04
0x00007f47af33de7c:   24 41 0f 2b 4c 24 10 41 0f 2b 54 24 20 41 0f 2b
0x00007f47af33de8c:   5c 24 30 49 83 c4 40 49 83 fd 3f 77 c7 49 83 fd
0x00007f47af33de9c:   0f 76 af 90 0f 10 45 00 49 83 ed 10 48 83 c5 10
0x00007f47af33deac:   41 0f 2b 04 24 49 83 c4 10 49 83 fd 0f 77 e5 4d
0x00007f47af33debc:   85 ed 74 93 48 83 c4 08 48 89 ee 4c 89 e7 5b 5d
0x00007f47af33decc:   41 5c 4c 89 ea 41 5d e9 f8 0d ef ff bb 10 00 00
0x00007f47af33dedc:   00 29 c3 48 63 db 48 39 da 48 0f 46 da 48 89 da
0x00007f47af33deec:   49 01 dc 48 01 dd 49 29 dd e8 d6 0d ef ff e9 e0 


Stack slot to memory mapping:
stack at sp + 0 slots: 0x00000000000005a1 is an unknown value
stack at sp + 1 slots: 0x00007f480c257ed0 is pointing into the stack for thread: 0x00007f4808016800
stack at sp + 2 slots: 0x00000000000005a1 is an unknown value
stack at sp + 3 slots: 0x0000000000000780 is an unknown value
stack at sp + 4 slots: 0x00007f47aee2aee0: <offset 0x0000000000c32ee0> in /lib/x86_64-linux-gnu/libnvidia-glcore.so.390.138 at 0x00007f47ae1f8000
stack at sp + 5 slots: 0x00007f47aee2f0e6: <offset 0x0000000000c370e6> in /lib/x86_64-linux-gnu/libnvidia-glcore.so.390.138 at 0x00007f47ae1f8000
stack at sp + 6 slots: 0x00000001acf85010 is an unknown value
stack at sp + 7 slots: 0x0000000000000001 is an unknown value


---------------  P R O C E S S  ---------------

Threads class SMR info:
_java_thread_list=0x00007f48081081f0, length=9, elements={
0x00007f4808016800, 0x00007f48080bd800, 0x00007f48080bf800, 0x00007f48080c5000,
0x00007f48080c7000, 0x00007f48080c9000, 0x00007f48080cb000, 0x00007f4808102000,
0x00007f4808106800
}

Java Threads: ( => current thread )
=>0x00007f4808016800 JavaThread "main" [_thread_in_native, id=25764, stack(0x00007f480c159000,0x00007f480c25a000)]
  0x00007f48080bd800 JavaThread "Reference Handler" daemon [_thread_blocked, id=25771, stack(0x00007f47e8bd4000,0x00007f47e8cd5000)]
  0x00007f48080bf800 JavaThread "Finalizer" daemon [_thread_blocked, id=25772, stack(0x00007f47e8ad3000,0x00007f47e8bd4000)]
  0x00007f48080c5000 JavaThread "Signal Dispatcher" daemon [_thread_blocked, id=25773, stack(0x00007f47e81e9000,0x00007f47e82ea000)]
  0x00007f48080c7000 JavaThread "C2 CompilerThread0" daemon [_thread_blocked, id=25774, stack(0x00007f47e80e8000,0x00007f47e81e9000)]
  0x00007f48080c9000 JavaThread "C1 CompilerThread0" daemon [_thread_blocked, id=25775, stack(0x00007f47e1eff000,0x00007f47e2000000)]
  0x00007f48080cb000 JavaThread "Sweeper thread" daemon [_thread_blocked, id=25776, stack(0x00007f47e1dfe000,0x00007f47e1eff000)]
  0x00007f4808102000 JavaThread "Service Thread" daemon [_thread_blocked, id=25777, stack(0x00007f47e1cfd000,0x00007f47e1dfe000)]
  0x00007f4808106800 JavaThread "Common-Cleaner" daemon [_thread_blocked, id=25779, stack(0x00007f47e1afa000,0x00007f47e1bfb000)]

Other Threads:
  0x00007f48080ba800 VMThread "VM Thread" [stack: 0x00007f47e8cd7000,0x00007f47e8dd7000] [id=25770]
  0x00007f4808104800 WatcherThread [stack: 0x00007f47e1bfd000,0x00007f47e1cfd000] [id=25778]
  0x00007f480802e800 GCTaskThread "GC Thread#0" [stack: 0x00007f47f0637000,0x00007f47f0737000] [id=25765]
  0x00007f47d4001000 GCTaskThread "GC Thread#1" [stack: 0x00007f47e01b6000,0x00007f47e02b6000] [id=25780]
  0x00007f4808049000 ConcurrentGCThread "G1 Main Marker" [stack: 0x00007f47e9d64000,0x00007f47e9e64000] [id=25766]
  0x00007f480804a800 ConcurrentGCThread "G1 Conc#0" [stack: 0x00007f47e9c62000,0x00007f47e9d62000] [id=25767]
  0x00007f480808c800 ConcurrentGCThread "G1 Refine#0" [stack: 0x00007f47e975c000,0x00007f47e985c000] [id=25768]
  0x00007f480808e000 ConcurrentGCThread "G1 Young RemSet Sampling" [stack: 0x00007f47e965a000,0x00007f47e975a000] [id=25769]

Threads with active compile tasks:

VM state:not at safepoint (normal execution)

VM Mutex/Monitor currently owned by a thread: None

Heap address: 0x00000000c4400000, size: 956 MB, Compressed Oops mode: 32-bit
Narrow klass base: 0x0000000800000000, Narrow klass shift: 3
Compressed class space size: 1073741824 Address: 0x0000000840000000

Heap:
 garbage-first heap   total 63488K, used 5204K [0x00000000c4400000, 0x0000000100000000)
  region size 1024K, 6 young (6144K), 2 survivors (2048K)
 Metaspace       used 6110K, capacity 9112K, committed 9344K, reserved 1058816K
  class space    used 310K, capacity 618K, committed 640K, reserved 1048576K
Heap Regions: E=young(eden), S=young(survivor), O=old, HS=humongous(starts), HC=humongous(continues), CS=collection set, F=free, A=archive, TAMS=top-at-mark-start (previous, next)
|   0|0x00000000c4400000, 0x00000000c4400000, 0x00000000c4500000|  0%| F|  |TAMS 0x00000000c4400000, 0x00000000c4400000| Untracked 
|   1|0x00000000c4500000, 0x00000000c4500000, 0x00000000c4600000|  0%| F|  |TAMS 0x00000000c4500000, 0x00000000c4500000| Untracked 
|   2|0x00000000c4600000, 0x00000000c4600000, 0x00000000c4700000|  0%| F|  |TAMS 0x00000000c4600000, 0x00000000c4600000| Untracked 
|   3|0x00000000c4700000, 0x00000000c4700000, 0x00000000c4800000|  0%| F|  |TAMS 0x00000000c4700000, 0x00000000c4700000| Untracked 
|   4|0x00000000c4800000, 0x00000000c4800000, 0x00000000c4900000|  0%| F|  |TAMS 0x00000000c4800000, 0x00000000c4800000| Untracked 
|   5|0x00000000c4900000, 0x00000000c4900000, 0x00000000c4a00000|  0%| F|  |TAMS 0x00000000c4900000, 0x00000000c4900000| Untracked 
|   6|0x00000000c4a00000, 0x00000000c4a00000, 0x00000000c4b00000|  0%| F|  |TAMS 0x00000000c4a00000, 0x00000000c4a00000| Untracked 
|   7|0x00000000c4b00000, 0x00000000c4b00000, 0x00000000c4c00000|  0%| F|  |TAMS 0x00000000c4b00000, 0x00000000c4b00000| Untracked 
|   8|0x00000000c4c00000, 0x00000000c4c00000, 0x00000000c4d00000|  0%| F|  |TAMS 0x00000000c4c00000, 0x00000000c4c00000| Untracked 
|   9|0x00000000c4d00000, 0x00000000c4d00000, 0x00000000c4e00000|  0%| F|  |TAMS 0x00000000c4d00000, 0x00000000c4d00000| Untracked 
|  10|0x00000000c4e00000, 0x00000000c4e00000, 0x00000000c4f00000|  0%| F|  |TAMS 0x00000000c4e00000, 0x00000000c4e00000| Untracked 
|  11|0x00000000c4f00000, 0x00000000c4f00000, 0x00000000c5000000|  0%| F|  |TAMS 0x00000000c4f00000, 0x00000000c4f00000| Untracked 
|  12|0x00000000c5000000, 0x00000000c5000000, 0x00000000c5100000|  0%| F|  |TAMS 0x00000000c5000000, 0x00000000c5000000| Untracked 
|  13|0x00000000c5100000, 0x00000000c5100000, 0x00000000c5200000|  0%| F|  |TAMS 0x00000000c5100000, 0x00000000c5100000| Untracked 
|  14|0x00000000c5200000, 0x00000000c5200000, 0x00000000c5300000|  0%| F|  |TAMS 0x00000000c5200000, 0x00000000c5200000| Untracked 
|  15|0x00000000c5300000, 0x00000000c5300000, 0x00000000c5400000|  0%| F|  |TAMS 0x00000000c5300000, 0x00000000c5300000| Untracked 
|  16|0x00000000c5400000, 0x00000000c5400000, 0x00000000c5500000|  0%| F|  |TAMS 0x00000000c5400000, 0x00000000c5400000| Untracked 
|  17|0x00000000c5500000, 0x00000000c5500000, 0x00000000c5600000|  0%| F|  |TAMS 0x00000000c5500000, 0x00000000c5500000| Untracked 
|  18|0x00000000c5600000, 0x00000000c5600000, 0x00000000c5700000|  0%| F|  |TAMS 0x00000000c5600000, 0x00000000c5600000| Untracked 
|  19|0x00000000c5700000, 0x00000000c5700000, 0x00000000c5800000|  0%| F|  |TAMS 0x00000000c5700000, 0x00000000c5700000| Untracked 
|  20|0x00000000c5800000, 0x00000000c5800000, 0x00000000c5900000|  0%| F|  |TAMS 0x00000000c5800000, 0x00000000c5800000| Untracked 
|  21|0x00000000c5900000, 0x00000000c5900000, 0x00000000c5a00000|  0%| F|  |TAMS 0x00000000c5900000, 0x00000000c5900000| Untracked 
|  22|0x00000000c5a00000, 0x00000000c5a00000, 0x00000000c5b00000|  0%| F|  |TAMS 0x00000000c5a00000, 0x00000000c5a00000| Untracked 
|  23|0x00000000c5b00000, 0x00000000c5b00000, 0x00000000c5c00000|  0%| F|  |TAMS 0x00000000c5b00000, 0x00000000c5b00000| Untracked 
|  24|0x00000000c5c00000, 0x00000000c5c00000, 0x00000000c5d00000|  0%| F|  |TAMS 0x00000000c5c00000, 0x00000000c5c00000| Untracked 
|  25|0x00000000c5d00000, 0x00000000c5d00000, 0x00000000c5e00000|  0%| F|  |TAMS 0x00000000c5d00000, 0x00000000c5d00000| Untracked 
|  26|0x00000000c5e00000, 0x00000000c5e00000, 0x00000000c5f00000|  0%| F|  |TAMS 0x00000000c5e00000, 0x00000000c5e00000| Untracked 
|  27|0x00000000c5f00000, 0x00000000c5f00000, 0x00000000c6000000|  0%| F|  |TAMS 0x00000000c5f00000, 0x00000000c5f00000| Untracked 
|  28|0x00000000c6000000, 0x00000000c6000000, 0x00000000c6100000|  0%| F|  |TAMS 0x00000000c6000000, 0x00000000c6000000| Untracked 
|  29|0x00000000c6100000, 0x00000000c6100000, 0x00000000c6200000|  0%| F|  |TAMS 0x00000000c6100000, 0x00000000c6100000| Untracked 
|  30|0x00000000c6200000, 0x00000000c6200000, 0x00000000c6300000|  0%| F|  |TAMS 0x00000000c6200000, 0x00000000c6200000| Untracked 
|  31|0x00000000c6300000, 0x00000000c6300000, 0x00000000c6400000|  0%| F|  |TAMS 0x00000000c6300000, 0x00000000c6300000| Untracked 
|  32|0x00000000c6400000, 0x00000000c6400000, 0x00000000c6500000|  0%| F|  |TAMS 0x00000000c6400000, 0x00000000c6400000| Untracked 
|  33|0x00000000c6500000, 0x00000000c6500000, 0x00000000c6600000|  0%| F|  |TAMS 0x00000000c6500000, 0x00000000c6500000| Untracked 
|  34|0x00000000c6600000, 0x00000000c6600000, 0x00000000c6700000|  0%| F|  |TAMS 0x00000000c6600000, 0x00000000c6600000| Untracked 
|  35|0x00000000c6700000, 0x00000000c6700000, 0x00000000c6800000|  0%| F|  |TAMS 0x00000000c6700000, 0x00000000c6700000| Untracked 
|  36|0x00000000c6800000, 0x00000000c6800000, 0x00000000c6900000|  0%| F|  |TAMS 0x00000000c6800000, 0x00000000c6800000| Untracked 
|  37|0x00000000c6900000, 0x00000000c6900000, 0x00000000c6a00000|  0%| F|  |TAMS 0x00000000c6900000, 0x00000000c6900000| Untracked 
|  38|0x00000000c6a00000, 0x00000000c6a00000, 0x00000000c6b00000|  0%| F|  |TAMS 0x00000000c6a00000, 0x00000000c6a00000| Untracked 
|  39|0x00000000c6b00000, 0x00000000c6b00000, 0x00000000c6c00000|  0%| F|  |TAMS 0x00000000c6b00000, 0x00000000c6b00000| Untracked 
|  40|0x00000000c6c00000, 0x00000000c6c00000, 0x00000000c6d00000|  0%| F|  |TAMS 0x00000000c6c00000, 0x00000000c6c00000| Untracked 
|  41|0x00000000c6d00000, 0x00000000c6d00000, 0x00000000c6e00000|  0%| F|  |TAMS 0x00000000c6d00000, 0x00000000c6d00000| Untracked 
|  42|0x00000000c6e00000, 0x00000000c6e00000, 0x00000000c6f00000|  0%| F|  |TAMS 0x00000000c6e00000, 0x00000000c6e00000| Untracked 
|  43|0x00000000c6f00000, 0x00000000c6f00000, 0x00000000c7000000|  0%| F|  |TAMS 0x00000000c6f00000, 0x00000000c6f00000| Untracked 
|  44|0x00000000c7000000, 0x00000000c7064180, 0x00000000c7100000| 39%| S|CS|TAMS 0x00000000c7000000, 0x00000000c7000000| Complete 
|  45|0x00000000c7100000, 0x00000000c7200000, 0x00000000c7200000|100%| S|CS|TAMS 0x00000000c7100000, 0x00000000c7100000| Complete 
|  46|0x00000000c7200000, 0x00000000c7200000, 0x00000000c7300000|  0%| F|  |TAMS 0x00000000c7200000, 0x00000000c7200000| Untracked 
|  47|0x00000000c7300000, 0x00000000c7300000, 0x00000000c7400000|  0%| F|  |TAMS 0x00000000c7300000, 0x00000000c7300000| Untracked 
|  48|0x00000000c7400000, 0x00000000c7400000, 0x00000000c7500000|  0%| F|  |TAMS 0x00000000c7400000, 0x00000000c7400000| Untracked 
|  49|0x00000000c7500000, 0x00000000c7500000, 0x00000000c7600000|  0%| F|  |TAMS 0x00000000c7500000, 0x00000000c7500000| Untracked 
|  50|0x00000000c7600000, 0x00000000c7600000, 0x00000000c7700000|  0%| F|  |TAMS 0x00000000c7600000, 0x00000000c7600000| Untracked 
|  51|0x00000000c7700000, 0x00000000c7700000, 0x00000000c7800000|  0%| F|  |TAMS 0x00000000c7700000, 0x00000000c7700000| Untracked 
|  52|0x00000000c7800000, 0x00000000c7800000, 0x00000000c7900000|  0%| F|  |TAMS 0x00000000c7800000, 0x00000000c7800000| Untracked 
|  53|0x00000000c7900000, 0x00000000c7900000, 0x00000000c7a00000|  0%| F|  |TAMS 0x00000000c7900000, 0x00000000c7900000| Untracked 
|  54|0x00000000c7a00000, 0x00000000c7a00000, 0x00000000c7b00000|  0%| F|  |TAMS 0x00000000c7a00000, 0x00000000c7a00000| Untracked 
|  55|0x00000000c7b00000, 0x00000000c7b00000, 0x00000000c7c00000|  0%| F|  |TAMS 0x00000000c7b00000, 0x00000000c7b00000| Untracked 
|  56|0x00000000c7c00000, 0x00000000c7c91288, 0x00000000c7d00000| 56%| E|  |TAMS 0x00000000c7c00000, 0x00000000c7c00000| Complete 
|  57|0x00000000c7d00000, 0x00000000c7e00000, 0x00000000c7e00000|100%| E|CS|TAMS 0x00000000c7d00000, 0x00000000c7d00000| Complete 
|  58|0x00000000c7e00000, 0x00000000c7f00000, 0x00000000c7f00000|100%| E|CS|TAMS 0x00000000c7e00000, 0x00000000c7e00000| Complete 
|  59|0x00000000c7f00000, 0x00000000c8000000, 0x00000000c8000000|100%| E|CS|TAMS 0x00000000c7f00000, 0x00000000c7f00000| Complete 
| 954|0x00000000ffe00000, 0x00000000ffe47000, 0x00000000fff00000| 27%|OA|  |TAMS 0x00000000ffe00000, 0x00000000ffe00000| Untracked 
| 955|0x00000000fff00000, 0x00000000fff6a000, 0x0000000100000000| 41%|CA|  |TAMS 0x00000000fff00000, 0x00000000fff00000| Untracked 

Card table byte_map: [0x00007f47ebe22000,0x00007f47ec000000] _byte_map_base: 0x00007f47eb800000

Marking Bits (Prev, Next): (CMBitMap*) 0x00007f48080442c8, (CMBitMap*) 0x00007f4808044300
 Prev Bits: [0x00007f47ead54000, 0x00007f47ebc44000)
 Next Bits: [0x00007f47e9e64000, 0x00007f47ead54000)

Polling page: 0x00007f480d97d000

Metaspace:

Usage:
  Non-class:      8.29 MB capacity,     5.66 MB ( 68%) used,     2.62 MB ( 32%) free+waste,    11.12 KB ( <1%) overhead. 
      Class:    618.00 KB capacity,   310.68 KB ( 50%) used,   302.57 KB ( 49%) free+waste,     4.75 KB ( <1%) overhead. 
       Both:      8.90 MB capacity,     5.97 MB ( 67%) used,     2.92 MB ( 33%) free+waste,    15.88 KB ( <1%) overhead. 

Virtual space:
  Non-class space:       10.00 MB reserved,       8.50 MB ( 85%) committed 
      Class space:        1.00 GB reserved,     640.00 KB ( <1%) committed 
             Both:        1.01 GB reserved,       9.12 MB ( <1%) committed 

Chunk freelists:
   Non-Class:  178.00 KB
       Class:  22.00 KB
        Both:  200.00 KB

MaxMetaspaceSize: unlimited
CompressedClassSpaceSize: 1.00 GB

CodeHeap 'non-profiled nmethods': size=120032Kb used=210Kb max_used=210Kb free=119821Kb
 bounds [0x00007f47f83d5000, 0x00007f47f8645000, 0x00007f47ff90d000]
CodeHeap 'profiled nmethods': size=120032Kb used=1355Kb max_used=1355Kb free=118676Kb
 bounds [0x00007f47f0e9d000, 0x00007f47f110d000, 0x00007f47f83d5000]
CodeHeap 'non-nmethods': size=5696Kb used=1459Kb max_used=1459Kb free=4236Kb
 bounds [0x00007f47f090d000, 0x00007f47f0b7d000, 0x00007f47f0e9d000]
 total_blobs=1925 nmethods=752 adapters=909
 compilation: enabled
              stopped_count=0, restarted_count=0
 full_count=0

Compilation events (20 events):
Event: 1.446 Thread 0x00007f48080c9000  743       3       java.util.zip.ZipFile$ZipFileInputStream::initDataOffset (109 bytes)
Event: 1.448 Thread 0x00007f48080c9000 nmethod 743 0x00007f47f0fec090 code [0x00007f47f0fec2c0, 0x00007f47f0fecac8]
Event: 1.448 Thread 0x00007f48080c9000  747       3       jdk.internal.misc.Unsafe::checkNativeAddress (28 bytes)
Event: 1.448 Thread 0x00007f48080c9000 nmethod 747 0x00007f47f0fece10 code [0x00007f47f0fecfc0, 0x00007f47f0fed150]
Event: 1.448 Thread 0x00007f48080c9000  745       1       java.nio.HeapByteBuffer::isReadOnly (2 bytes)
Event: 1.449 Thread 0x00007f48080c9000 nmethod 745 0x00007f47f8409010 code [0x00007f47f84091c0, 0x00007f47f84092f0]
Event: 1.449 Thread 0x00007f48080c9000  746       1       java.nio.DirectByteBuffer::isDirect (2 bytes)
Event: 1.449 Thread 0x00007f48080c9000 nmethod 746 0x00007f47f8409390 code [0x00007f47f8409540, 0x00007f47f8409670]
Event: 1.449 Thread 0x00007f48080c9000  744   !   3       java.util.zip.Inflater::setInput (69 bytes)
Event: 1.450 Thread 0x00007f48080c9000 nmethod 744 0x00007f47f0fed210 code [0x00007f47f0fed3e0, 0x00007f47f0fed908]
Event: 1.450 Thread 0x00007f48080c9000  749       3       jdk.internal.jimage.ImageStringsReader::get (9 bytes)
Event: 1.451 Thread 0x00007f48080c9000 nmethod 749 0x00007f47f0feda90 code [0x00007f47f0fedc40, 0x00007f47f0fede88]
Event: 1.451 Thread 0x00007f48080c9000  750       3       jdk.internal.jimage.BasicImageReader::getString (48 bytes)
Event: 1.453 Thread 0x00007f48080c9000 nmethod 750 0x00007f47f0fedf90 code [0x00007f47f0fee200, 0x00007f47f0feed38]
Event: 1.453 Thread 0x00007f48080c9000  751       3       jdk.internal.jimage.ImageStringsReader::stringFromByteBuffer (28 bytes)
Event: 1.454 Thread 0x00007f48080c9000 nmethod 751 0x00007f47f0fef090 code [0x00007f47f0fef280, 0x00007f47f0fef6d8]
Event: 1.454 Thread 0x00007f48080c9000  752       3       java.lang.String::<init> (10 bytes)
Event: 1.454 Thread 0x00007f48080c9000 nmethod 752 0x00007f47f0fef890 code [0x00007f47f0fefa60, 0x00007f47f0fefc28]
Event: 1.454 Thread 0x00007f48080c9000  748       1       sun.nio.fs.NativeBuffer::address (5 bytes)
Event: 1.454 Thread 0x00007f48080c9000 nmethod 748 0x00007f47f8409710 code [0x00007f47f84098c0, 0x00007f47f84099f0]

GC Heap History (2 events):
Event: 1.239 GC heap before
{Heap before GC invocations=0 (full 0):
 garbage-first heap   total 63488K, used 14020K [0x00000000c4400000, 0x0000000100000000)
  region size 1024K, 14 young (14336K), 0 survivors (0K)
 Metaspace       used 5004K, capacity 8173K, committed 8576K, reserved 1056768K
  class space    used 264K, capacity 582K, committed 640K, reserved 1048576K
}
Event: 1.259 GC heap after
{Heap after GC invocations=1 (full 0):
 garbage-first heap   total 63488K, used 2132K [0x00000000c4400000, 0x0000000100000000)
  region size 1024K, 2 young (2048K), 2 survivors (2048K)
 Metaspace       used 5004K, capacity 8173K, committed 8576K, reserved 1056768K
  class space    used 264K, capacity 582K, committed 640K, reserved 1048576K
}

Deoptimization events (12 events):
Event: 0.307 Thread 0x00007f4808016800 DEOPT PACKING pc=0x00007f47f0ecf134 sp=0x00007f480c257220
Event: 0.307 Thread 0x00007f4808016800 DEOPT UNPACKING pc=0x00007f47f0934d2c sp=0x00007f480c256698 mode 0
Event: 0.311 Thread 0x00007f4808016800 DEOPT PACKING pc=0x00007f47f0ed05da sp=0x00007f480c2559b0
Event: 0.311 Thread 0x00007f4808016800 DEOPT UNPACKING pc=0x00007f47f0934d2c sp=0x00007f480c254e38 mode 0
Event: 0.318 Thread 0x00007f4808016800 DEOPT PACKING pc=0x00007f47f0ebc771 sp=0x00007f480c255070
Event: 0.318 Thread 0x00007f4808016800 DEOPT UNPACKING pc=0x00007f47f0934d2c sp=0x00007f480c254518 mode 0
Event: 0.927 Thread 0x00007f4808016800 Uncommon trap: trap_request=0xffffff5c fr.pc=0x00007f47f83fbd90 relative=0x0000000000000070
Event: 0.927 Thread 0x00007f4808016800 Uncommon trap: reason=speculate_null_assert action=make_not_entrant pc=0x00007f47f83fbd90 method=sun.misc.Unsafe.putLong(Ljava/lang/Object;JJ)V @ 7 c2
Event: 0.927 Thread 0x00007f4808016800 DEOPT PACKING pc=0x00007f47f83fbd90 sp=0x00007f480c2585c0
Event: 0.927 Thread 0x00007f4808016800 DEOPT UNPACKING pc=0x00007f47f0934f20 sp=0x00007f480c258558 mode 2
Event: 1.129 Thread 0x00007f4808016800 DEOPT PACKING pc=0x00007f47f0ec800d sp=0x00007f480c257600
Event: 1.129 Thread 0x00007f4808016800 DEOPT UNPACKING pc=0x00007f47f0934d2c sp=0x00007f480c256a70 mode 0

Classes redefined (0 events):
No events

Internal exceptions (20 events):
Event: 0.404 Thread 0x00007f4808016800 Exception <a 'sun/nio/fs/UnixException'{0x00000000c7b284e8}> (0x00000000c7b284e8) thrown at [src/hotspot/share/prims/jni.cpp, line 615]
Event: 0.429 Thread 0x00007f4808016800 Exception <a 'java/security/PrivilegedActionException'{0x00000000c7b6b020}> (0x00000000c7b6b020) thrown at [src/hotspot/share/prims/jvm.cpp, line 1295]
Event: 0.429 Thread 0x00007f4808016800 Exception <a 'java/security/PrivilegedActionException'{0x00000000c7b6b2f0}> (0x00000000c7b6b2f0) thrown at [src/hotspot/share/prims/jvm.cpp, line 1295]
Event: 0.429 Thread 0x00007f4808016800 Exception <a 'java/security/PrivilegedActionException'{0x00000000c7b6cf00}> (0x00000000c7b6cf00) thrown at [src/hotspot/share/prims/jvm.cpp, line 1295]
Event: 0.429 Thread 0x00007f4808016800 Exception <a 'java/security/PrivilegedActionException'{0x00000000c7b6d1d0}> (0x00000000c7b6d1d0) thrown at [src/hotspot/share/prims/jvm.cpp, line 1295]
Event: 0.429 Thread 0x00007f4808016800 Exception <a 'java/security/PrivilegedActionException'{0x00000000c7b6edb8}> (0x00000000c7b6edb8) thrown at [src/hotspot/share/prims/jvm.cpp, line 1295]
Event: 0.429 Thread 0x00007f4808016800 Exception <a 'java/security/PrivilegedActionException'{0x00000000c7b6f088}> (0x00000000c7b6f088) thrown at [src/hotspot/share/prims/jvm.cpp, line 1295]
Event: 0.430 Thread 0x00007f4808016800 Exception <a 'java/security/PrivilegedActionException'{0x00000000c7b70cb8}> (0x00000000c7b70cb8) thrown at [src/hotspot/share/prims/jvm.cpp, line 1295]
Event: 0.430 Thread 0x00007f4808016800 Exception <a 'java/security/PrivilegedActionException'{0x00000000c7b70f88}> (0x00000000c7b70f88) thrown at [src/hotspot/share/prims/jvm.cpp, line 1295]
Event: 0.430 Thread 0x00007f4808016800 Exception <a 'java/security/PrivilegedActionException'{0x00000000c7b72bb8}> (0x00000000c7b72bb8) thrown at [src/hotspot/share/prims/jvm.cpp, line 1295]
Event: 0.430 Thread 0x00007f4808016800 Exception <a 'java/security/PrivilegedActionException'{0x00000000c7b72e88}> (0x00000000c7b72e88) thrown at [src/hotspot/share/prims/jvm.cpp, line 1295]
Event: 0.430 Thread 0x00007f4808016800 Exception <a 'java/security/PrivilegedActionException'{0x00000000c7b74a70}> (0x00000000c7b74a70) thrown at [src/hotspot/share/prims/jvm.cpp, line 1295]
Event: 0.430 Thread 0x00007f4808016800 Exception <a 'java/security/PrivilegedActionException'{0x00000000c7b74d40}> (0x00000000c7b74d40) thrown at [src/hotspot/share/prims/jvm.cpp, line 1295]
Event: 0.469 Thread 0x00007f4808016800 Exception <a 'sun/nio/fs/UnixException'{0x00000000c7a5a318}> (0x00000000c7a5a318) thrown at [src/hotspot/share/prims/jni.cpp, line 615]
Event: 0.789 Thread 0x00007f4808016800 Exception <a 'java/lang/NoSuchMethodError'{0x00000000c7ac57f0}: 'void java.lang.invoke.DirectMethodHandle$Holder.invokeStaticInit(java.lang.Object, long, double, double)'> (0x00000000c7ac57f0) thrown at [src/hotspot/share/interpreter/linkResolver.cpp, line 772]
Event: 0.796 Thread 0x00007f4808016800 Exception <a 'java/lang/NoSuchMethodError'{0x00000000c7ad7aa0}: 'void java.lang.invoke.DirectMethodHandle$Holder.invokeStaticInit(java.lang.Object, long, int, int, int)'> (0x00000000c7ad7aa0) thrown at [src/hotspot/share/interpreter/linkResolver.cpp, line 772]
Event: 0.808 Thread 0x00007f4808016800 Exception <a 'java/lang/NoSuchMethodError'{0x00000000c7af7290}: 'void java.lang.invoke.DirectMethodHandle$Holder.invokeStaticInit(java.lang.Object, long, int, int, int, int)'> (0x00000000c7af7290) thrown at [src/hotspot/share/interpreter/linkResolver.cpp, line 772]
Event: 0.843 Thread 0x00007f4808016800 Exception <a 'sun/nio/fs/UnixException'{0x00000000c7945318}> (0x00000000c7945318) thrown at [src/hotspot/share/prims/jni.cpp, line 615]
Event: 0.849 Thread 0x00007f4808016800 Exception <a 'sun/nio/fs/UnixException'{0x00000000c795ba20}> (0x00000000c795ba20) thrown at [src/hotspot/share/prims/jni.cpp, line 615]
Event: 1.448 Thread 0x00007f4808016800 Exception <a 'sun/nio/fs/UnixException'{0x00000000c7c55350}> (0x00000000c7c55350) thrown at [src/hotspot/share/prims/jni.cpp, line 615]

Events (20 events):
Event: 1.416 loading class org/lwjgl/opengl/GL15C done
Event: 1.418 loading class org/lwjgl/opengl/GL14C
Event: 1.418 loading class org/lwjgl/opengl/GL14C done
Event: 1.420 loading class org/lwjgl/opengl/GL13C
Event: 1.420 loading class org/lwjgl/opengl/GL13C done
Event: 1.420 loading class org/lwjgl/opengl/GL12C
Event: 1.420 loading class org/lwjgl/opengl/GL12C done
Event: 1.421 loading class org/lwjgl/opengl/GL11C
Event: 1.421 loading class org/lwjgl/opengl/GL11C done
Event: 1.427 loading class org/lwjgl/system/APIUtil$Encoder
Event: 1.427 loading class org/lwjgl/system/APIUtil$Encoder done
Event: 1.427 loading class org/lwjgl/system/APIUtil$Encoder
Event: 1.427 loading class org/lwjgl/system/APIUtil$Encoder done
Event: 1.431 loading class renderer/Texture
Event: 1.431 loading class renderer/Texture done
Event: 1.432 loading class org/lwjgl/stb/STBImage
Event: 1.432 loading class org/lwjgl/stb/STBImage done
Event: 1.436 loading class org/lwjgl/stb/LibSTB
Event: 1.436 loading class org/lwjgl/stb/LibSTB done
Event: 1.449 Loaded shared library /tmp/lwjglmartin/3.2.3-build-13/liblwjgl_stb.so


Dynamic libraries:
40d60000-40d62000 r-xs 00000000 fd:01 396699                             /tmp/.gl3dATB3 (deleted)
41bfd000-41c9e000 rw-p 00000000 00:00 0 
c4400000-c8000000 rw-p 00000000 00:00 0 
c8000000-ffe00000 ---p 00000000 00:00 0 
ffe00000-ffe47000 rw-p 0110b000 fd:01 3297060                            /usr/lib/jvm/java-11-openjdk-amd64/lib/server/classes.jsa
ffe47000-fff00000 rw-p 00000000 00:00 0 
fff00000-fff6a000 rw-p 010a1000 fd:01 3297060                            /usr/lib/jvm/java-11-openjdk-amd64/lib/server/classes.jsa
fff6a000-100000000 rw-p 00000000 00:00 0 
800000000-800002000 rwxp 00001000 fd:01 3297060                          /usr/lib/jvm/java-11-openjdk-amd64/lib/server/classes.jsa
800002000-8003b8000 rw-p 00003000 fd:01 3297060                          /usr/lib/jvm/java-11-openjdk-amd64/lib/server/classes.jsa
8003b8000-800a93000 r--p 003b9000 fd:01 3297060                          /usr/lib/jvm/java-11-openjdk-amd64/lib/server/classes.jsa
800a93000-800a94000 rw-p 00a94000 fd:01 3297060                          /usr/lib/jvm/java-11-openjdk-amd64/lib/server/classes.jsa
800a94000-8010a0000 r--p 00a95000 fd:01 3297060                          /usr/lib/jvm/java-11-openjdk-amd64/lib/server/classes.jsa
840000000-8400a0000 rw-p 00000000 00:00 0 
8400a0000-880000000 ---p 00000000 00:00 0 
564bb66f4000-564bb66f5000 r--p 00000000 fd:01 3280136                    /usr/lib/jvm/java-11-openjdk-amd64/bin/java
564bb66f5000-564bb66f6000 r-xp 00001000 fd:01 3280136                    /usr/lib/jvm/java-11-openjdk-amd64/bin/java
564bb66f6000-564bb66f7000 r--p 00002000 fd:01 3280136                    /usr/lib/jvm/java-11-openjdk-amd64/bin/java
564bb66f7000-564bb66f8000 r--p 00002000 fd:01 3280136                    /usr/lib/jvm/java-11-openjdk-amd64/bin/java
564bb66f8000-564bb66f9000 rw-p 00003000 fd:01 3280136                    /usr/lib/jvm/java-11-openjdk-amd64/bin/java
564bb6bd2000-564bb6bf3000 rw-p 00000000 00:00 0                          [heap]
7f47a4000000-7f47a4021000 rw-p 00000000 00:00 0 
7f47a4021000-7f47a8000000 ---p 00000000 00:00 0 
7f47a8000000-7f47a8021000 rw-p 00000000 00:00 0 
7f47a8021000-7f47ac000000 ---p 00000000 00:00 0 
7f47ac174000-7f47ada12000 rw-p 00000000 00:00 0 
7f47add97000-7f47addf6000 r-xp 00000000 fd:01 396693                     /tmp/lwjglmartin/3.2.3-build-13/liblwjgl_stb.so
7f47addf6000-7f47adff5000 ---p 0005f000 fd:01 396693                     /tmp/lwjglmartin/3.2.3-build-13/liblwjgl_stb.so
7f47adff5000-7f47adff6000 r--p 0005e000 fd:01 396693                     /tmp/lwjglmartin/3.2.3-build-13/liblwjgl_stb.so
7f47adff6000-7f47adff7000 rw-p 0005f000 fd:01 396693                     /tmp/lwjglmartin/3.2.3-build-13/liblwjgl_stb.so
7f47adff7000-7f47ae078000 rw-p 00000000 00:00 0 
7f47ae078000-7f47ae1f8000 ---p 00000000 00:00 0 
7f47ae1f8000-7f47af617000 r-xp 00000000 fd:01 3297219                    /usr/lib/x86_64-linux-gnu/libnvidia-glcore.so.390.138
7f47af617000-7f47af638000 rwxp 0141f000 fd:01 3297219                    /usr/lib/x86_64-linux-gnu/libnvidia-glcore.so.390.138
7f47af638000-7f47afa74000 r-xp 01440000 fd:01 3297219                    /usr/lib/x86_64-linux-gnu/libnvidia-glcore.so.390.138
7f47afa74000-7f47afc73000 ---p 0187c000 fd:01 3297219                    /usr/lib/x86_64-linux-gnu/libnvidia-glcore.so.390.138
7f47afc73000-7f47affe6000 rw-p 0187b000 fd:01 3297219                    /usr/lib/x86_64-linux-gnu/libnvidia-glcore.so.390.138
7f47affe6000-7f47b0000000 rw-p 00000000 00:00 0 
7f47b0000000-7f47b0021000 rw-p 00000000 00:00 0 
7f47b0021000-7f47b4000000 ---p 00000000 00:00 0 
7f47b4000000-7f47b4021000 rw-p 00000000 00:00 0 
7f47b4021000-7f47b8000000 ---p 00000000 00:00 0 
7f47b8000000-7f47b8438000 rw-p 00000000 00:00 0 
7f47b8438000-7f47bc000000 ---p 00000000 00:00 0 
7f47bc000000-7f47bc021000 rw-p 00000000 00:00 0 
7f47bc021000-7f47c0000000 ---p 00000000 00:00 0 
7f47c0000000-7f47c0021000 rw-p 00000000 00:00 0 
7f47c0021000-7f47c4000000 ---p 00000000 00:00 0 
7f47c4000000-7f47c4149000 rw-p 00000000 00:00 0 
7f47c4149000-7f47c8000000 ---p 00000000 00:00 0 
7f47c8000000-7f47c8021000 rw-p 00000000 00:00 0 
7f47c8021000-7f47cc000000 ---p 00000000 00:00 0 
7f47cc000000-7f47cc021000 rw-p 00000000 00:00 0 
7f47cc021000-7f47d0000000 ---p 00000000 00:00 0 
7f47d0000000-7f47d0021000 rw-p 00000000 00:00 0 
7f47d0021000-7f47d4000000 ---p 00000000 00:00 0 
7f47d4000000-7f47d4021000 rw-p 00000000 00:00 0 
7f47d4021000-7f47d8000000 ---p 00000000 00:00 0 
7f47d8000000-7f47d8021000 rw-p 00000000 00:00 0 
7f47d8021000-7f47dc000000 ---p 00000000 00:00 0 
7f47dc000000-7f47dc021000 rw-p 00000000 00:00 0 
7f47dc021000-7f47e0000000 ---p 00000000 00:00 0 
7f47e01b4000-7f47e01b5000 ---p 00000000 00:00 0 
7f47e01b5000-7f47e02b6000 rw-p 00000000 00:00 0 
7f47e02b6000-7f47e02d6000 rw-s 00000000 fd:01 1614644                    /home/martin/#1614644 (deleted)
7f47e02d6000-7f47e02f6000 r-xs 00000000 fd:01 1614644                    /home/martin/#1614644 (deleted)
7f47e02f6000-7f47e034e000 r-xp 00000000 fd:01 396689                     /tmp/lwjglmartin/3.2.3-build-13/liblwjgl_opengl.so
7f47e034e000-7f47e054d000 ---p 00058000 fd:01 396689                     /tmp/lwjglmartin/3.2.3-build-13/liblwjgl_opengl.so
7f47e054d000-7f47e054e000 r--p 00057000 fd:01 396689                     /tmp/lwjglmartin/3.2.3-build-13/liblwjgl_opengl.so
7f47e054e000-7f47e054f000 rw-p 00058000 fd:01 396689                     /tmp/lwjglmartin/3.2.3-build-13/liblwjgl_opengl.so
7f47e054f000-7f47e05cf000 rw-s 00000000 00:06 501                        /dev/nvidiactl
7f47e05cf000-7f47e064f000 rw-s 00000000 00:06 501                        /dev/nvidiactl
7f47e064f000-7f47e06cf000 rw-s 00000000 00:06 501                        /dev/nvidiactl
7f47e06cf000-7f47e07cf000 rw-s 00000000 00:06 501                        /dev/nvidiactl
7f47e07cf000-7f47e07ef000 rw-s 00000000 00:06 502                        /dev/nvidia0
7f47e07ef000-7f47e082f000 rw-s 00000000 00:06 501                        /dev/nvidiactl
7f47e082f000-7f47e084f000 rw-s 00000000 00:06 501                        /dev/nvidiactl
7f47e084f000-7f47e0954000 rw-s 00000000 00:06 501                        /dev/nvidiactl
7f47e0954000-7f47e0957000 r-xp 00000000 fd:01 3297222                    /usr/lib/x86_64-linux-gnu/tls/libnvidia-tls.so.390.138
7f47e0957000-7f47e0b57000 ---p 00003000 fd:01 3297222                    /usr/lib/x86_64-linux-gnu/tls/libnvidia-tls.so.390.138
7f47e0b57000-7f47e0b58000 rw-p 00003000 fd:01 3297222                    /usr/lib/x86_64-linux-gnu/tls/libnvidia-tls.so.390.138
7f47e0b58000-7f47e0c21000 r-xp 00000000 fd:01 3297217                    /usr/lib/x86_64-linux-gnu/libGLX_nvidia.so.390.138
7f47e0c21000-7f47e0c55000 rwxp 000c9000 fd:01 3297217                    /usr/lib/x86_64-linux-gnu/libGLX_nvidia.so.390.138
7f47e0c55000-7f47e0c69000 r-xp 000fd000 fd:01 3297217                    /usr/lib/x86_64-linux-gnu/libGLX_nvidia.so.390.138
7f47e0c69000-7f47e0e69000 ---p 00111000 fd:01 3297217                    /usr/lib/x86_64-linux-gnu/libGLX_nvidia.so.390.138
7f47e0e69000-7f47e0e8e000 rw-p 00111000 fd:01 3297217                    /usr/lib/x86_64-linux-gnu/libGLX_nvidia.so.390.138
7f47e0e8e000-7f47e0e95000 rw-p 00000000 00:00 0 
7f47e0e95000-7f47e0ed5000 r--p 00000000 fd:01 3284488                    /usr/lib/x86_64-linux-gnu/libGLdispatch.so.0.0.0
7f47e0ed5000-7f47e0ed9000 r-xp 00040000 fd:01 3284488                    /usr/lib/x86_64-linux-gnu/libGLdispatch.so.0.0.0
7f47e0ed9000-7f47e0ef3000 r-xp 00044000 fd:01 3284488                    /usr/lib/x86_64-linux-gnu/libGLdispatch.so.0.0.0
7f47e0ef3000-7f47e0ef4000 r-xp 0005e000 fd:01 3284488                    /usr/lib/x86_64-linux-gnu/libGLdispatch.so.0.0.0
7f47e0ef4000-7f47e0f07000 r--p 0005f000 fd:01 3284488                    /usr/lib/x86_64-linux-gnu/libGLdispatch.so.0.0.0
7f47e0f07000-7f47e0f08000 ---p 00072000 fd:01 3284488                    /usr/lib/x86_64-linux-gnu/libGLdispatch.so.0.0.0
7f47e0f08000-7f47e0f31000 r--p 00072000 fd:01 3284488                    /usr/lib/x86_64-linux-gnu/libGLdispatch.so.0.0.0
7f47e0f31000-7f47e0f32000 rw-p 0009b000 fd:01 3284488                    /usr/lib/x86_64-linux-gnu/libGLdispatch.so.0.0.0
7f47e0f32000-7f47e0f52000 rw-p 00000000 00:00 0 
7f47e0f52000-7f47e0f95000 r--p 00000000 fd:01 3284477                    /usr/lib/x86_64-linux-gnu/libGL.so.1.7.0
7f47e0f95000-7f47e0f99000 r-xp 00043000 fd:01 3284477                    /usr/lib/x86_64-linux-gnu/libGL.so.1.7.0
7f47e0f99000-7f47e0fb3000 r-xp 00047000 fd:01 3284477                    /usr/lib/x86_64-linux-gnu/libGL.so.1.7.0
7f47e0fb3000-7f47e0fb4000 r-xp 00061000 fd:01 3284477                    /usr/lib/x86_64-linux-gnu/libGL.so.1.7.0
7f47e0fb4000-7f47e0fc9000 r--p 00062000 fd:01 3284477                    /usr/lib/x86_64-linux-gnu/libGL.so.1.7.0
7f47e0fc9000-7f47e0fca000 ---p 00077000 fd:01 3284477                    /usr/lib/x86_64-linux-gnu/libGL.so.1.7.0
7f47e0fca000-7f47e0fe4000 r--p 00077000 fd:01 3284477                    /usr/lib/x86_64-linux-gnu/libGL.so.1.7.0
7f47e0fe4000-7f47e0fe5000 rw-p 00091000 fd:01 3284477                    /usr/lib/x86_64-linux-gnu/libGL.so.1.7.0
7f47e0fe5000-7f47e0fe6000 rw-p 00000000 00:00 0 
7f47e0fe6000-7f47e105a000 rw-p 00000000 00:00 0 
7f47e105c000-7f47e109c000 rw-s 00000000 00:06 501                        /dev/nvidiactl
7f47e109c000-7f47e109f000 r--p 00000000 fd:01 3284483                    /usr/lib/x86_64-linux-gnu/libGLX.so.0.0.0
7f47e109f000-7f47e10aa000 r-xp 00003000 fd:01 3284483                    /usr/lib/x86_64-linux-gnu/libGLX.so.0.0.0
7f47e10aa000-7f47e10ad000 r--p 0000e000 fd:01 3284483                    /usr/lib/x86_64-linux-gnu/libGLX.so.0.0.0
7f47e10ad000-7f47e10ae000 ---p 00011000 fd:01 3284483                    /usr/lib/x86_64-linux-gnu/libGLX.so.0.0.0
7f47e10ae000-7f47e10af000 r--p 00011000 fd:01 3284483                    /usr/lib/x86_64-linux-gnu/libGLX.so.0.0.0
7f47e10af000-7f47e10b0000 rw-p 00012000 fd:01 3284483                    /usr/lib/x86_64-linux-gnu/libGLX.so.0.0.0
7f47e10b0000-7f47e10d0000 rw-p 00000000 00:00 0 
7f47e10d4000-7f47e10f4000 rw-s 00000000 00:06 501                        /dev/nvidiactl
7f47e10f4000-7f47e10f9000 r-xp 00000000 fd:01 3284525                    /usr/lib/x86_64-linux-gnu/libXfixes.so.3.1.0
7f47e10f9000-7f47e12f8000 ---p 00005000 fd:01 3284525                    /usr/lib/x86_64-linux-gnu/libXfixes.so.3.1.0
7f47e12f8000-7f47e12f9000 r--p 00004000 fd:01 3284525                    /usr/lib/x86_64-linux-gnu/libXfixes.so.3.1.0
7f47e12f9000-7f47e12fa000 rw-p 00005000 fd:01 3284525                    /usr/lib/x86_64-linux-gnu/libXfixes.so.3.1.0
7f47e12fa000-7f47e1303000 r-xp 00000000 fd:01 3284543                    /usr/lib/x86_64-linux-gnu/libXrender.so.1.3.0
7f47e1303000-7f47e1502000 ---p 00009000 fd:01 3284543                    /usr/lib/x86_64-linux-gnu/libXrender.so.1.3.0
7f47e1502000-7f47e1503000 r--p 00008000 fd:01 3284543                    /usr/lib/x86_64-linux-gnu/libXrender.so.1.3.0
7f47e1503000-7f47e1504000 rw-p 00009000 fd:01 3284543                    /usr/lib/x86_64-linux-gnu/libXrender.so.1.3.0
7f47e1504000-7f47e151d000 r--p 00000000 fd:01 3284506                    /usr/lib/x86_64-linux-gnu/libX11.so.6.3.0
7f47e151d000-7f47e15a8000 r-xp 00019000 fd:01 3284506                    /usr/lib/x86_64-linux-gnu/libX11.so.6.3.0
7f47e15a8000-7f47e163c000 r--p 000a4000 fd:01 3284506                    /usr/lib/x86_64-linux-gnu/libX11.so.6.3.0
7f47e163c000-7f47e163d000 ---p 00138000 fd:01 3284506                    /usr/lib/x86_64-linux-gnu/libX11.so.6.3.0
7f47e163d000-7f47e163e000 r--p 00138000 fd:01 3284506                    /usr/lib/x86_64-linux-gnu/libX11.so.6.3.0
7f47e163e000-7f47e1642000 rw-p 00139000 fd:01 3284506                    /usr/lib/x86_64-linux-gnu/libX11.so.6.3.0
7f47e1642000-7f47e1685000 r-xp 00000000 fd:01 396687                     /tmp/lwjglmartin/3.2.3-build-13/libglfw.so
7f47e1685000-7f47e1884000 ---p 00043000 fd:01 396687                     /tmp/lwjglmartin/3.2.3-build-13/libglfw.so
7f47e1884000-7f47e1885000 r--p 00042000 fd:01 396687                     /tmp/lwjglmartin/3.2.3-build-13/libglfw.so
7f47e1885000-7f47e1887000 rw-p 00043000 fd:01 396687                     /tmp/lwjglmartin/3.2.3-build-13/libglfw.so
7f47e1887000-7f47e18a8000 rw-p 00000000 00:00 0 
7f47e18a8000-7f47e18f9000 r-xp 00000000 fd:01 396686                     /tmp/lwjglmartin/3.2.3-build-13/liblwjgl.so
7f47e18f9000-7f47e1af8000 ---p 00051000 fd:01 396686                     /tmp/lwjglmartin/3.2.3-build-13/liblwjgl.so
7f47e1af8000-7f47e1af9000 r--p 00050000 fd:01 396686                     /tmp/lwjglmartin/3.2.3-build-13/liblwjgl.so
7f47e1af9000-7f47e1afa000 rw-p 00051000 fd:01 396686                     /tmp/lwjglmartin/3.2.3-build-13/liblwjgl.so
7f47e1afa000-7f47e1afe000 ---p 00000000 00:00 0 
7f47e1afe000-7f47e1bfb000 rw-p 00000000 00:00 0 
7f47e1bfb000-7f47e1bfc000 ---p 00000000 00:00 0 
7f47e1bfc000-7f47e1cfd000 rw-p 00000000 00:00 0 
7f47e1cfd000-7f47e1d01000 ---p 00000000 00:00 0 
7f47e1d01000-7f47e1dfe000 rw-p 00000000 00:00 0 
7f47e1dfe000-7f47e1e02000 ---p 00000000 00:00 0 
7f47e1e02000-7f47e1eff000 rw-p 00000000 00:00 0 
7f47e1eff000-7f47e1f03000 ---p 00000000 00:00 0 
7f47e1f03000-7f47e4000000 rw-p 00000000 00:00 0 
7f47e4000000-7f47e4021000 rw-p 00000000 00:00 0 
7f47e4021000-7f47e8000000 ---p 00000000 00:00 0 
7f47e801f000-7f47e8020000 r--p 00000000 fd:01 3284504                    /usr/lib/x86_64-linux-gnu/libX11-xcb.so.1.0.0
7f47e8020000-7f47e8021000 r-xp 00001000 fd:01 3284504                    /usr/lib/x86_64-linux-gnu/libX11-xcb.so.1.0.0
7f47e8021000-7f47e8022000 r--p 00002000 fd:01 3284504                    /usr/lib/x86_64-linux-gnu/libX11-xcb.so.1.0.0
7f47e8022000-7f47e8023000 r--p 00002000 fd:01 3284504                    /usr/lib/x86_64-linux-gnu/libX11-xcb.so.1.0.0
7f47e8023000-7f47e8024000 rw-p 00003000 fd:01 3284504                    /usr/lib/x86_64-linux-gnu/libX11-xcb.so.1.0.0
7f47e8024000-7f47e8027000 r--p 00000000 fd:01 3284517                    /usr/lib/x86_64-linux-gnu/libXcursor.so.1.0.2
7f47e8027000-7f47e802d000 r-xp 00003000 fd:01 3284517                    /usr/lib/x86_64-linux-gnu/libXcursor.so.1.0.2
7f47e802d000-7f47e802f000 r--p 00009000 fd:01 3284517                    /usr/lib/x86_64-linux-gnu/libXcursor.so.1.0.2
7f47e802f000-7f47e8030000 r--p 0000a000 fd:01 3284517                    /usr/lib/x86_64-linux-gnu/libXcursor.so.1.0.2
7f47e8030000-7f47e8031000 rw-p 0000b000 fd:01 3284517                    /usr/lib/x86_64-linux-gnu/libXcursor.so.1.0.2
7f47e8031000-7f47e8033000 r--p 00000000 fd:01 3284541                    /usr/lib/x86_64-linux-gnu/libXrandr.so.2.2.0
7f47e8033000-7f47e803a000 r-xp 00002000 fd:01 3284541                    /usr/lib/x86_64-linux-gnu/libXrandr.so.2.2.0
7f47e803a000-7f47e803c000 r--p 00009000 fd:01 3284541                    /usr/lib/x86_64-linux-gnu/libXrandr.so.2.2.0
7f47e803c000-7f47e803d000 r--p 0000a000 fd:01 3284541                    /usr/lib/x86_64-linux-gnu/libXrandr.so.2.2.0
7f47e803d000-7f47e803e000 rw-p 0000b000 fd:01 3284541                    /usr/lib/x86_64-linux-gnu/libXrandr.so.2.2.0
7f47e803e000-7f47e8040000 r--p 00000000 fd:01 3284531                    /usr/lib/x86_64-linux-gnu/libXi.so.6.1.0
7f47e8040000-7f47e804b000 r-xp 00002000 fd:01 3284531                    /usr/lib/x86_64-linux-gnu/libXi.so.6.1.0
7f47e804b000-7f47e804e000 r--p 0000d000 fd:01 3284531                    /usr/lib/x86_64-linux-gnu/libXi.so.6.1.0
7f47e804e000-7f47e804f000 r--p 0000f000 fd:01 3284531                    /usr/lib/x86_64-linux-gnu/libXi.so.6.1.0
7f47e804f000-7f47e8050000 rw-p 00010000 fd:01 3284531                    /usr/lib/x86_64-linux-gnu/libXi.so.6.1.0
7f47e8050000-7f47e8054000 r--p 00000000 fd:01 3284523                    /usr/lib/x86_64-linux-gnu/libXext.so.6.4.0
7f47e8054000-7f47e805f000 r-xp 00004000 fd:01 3284523                    /usr/lib/x86_64-linux-gnu/libXext.so.6.4.0
7f47e805f000-7f47e8063000 r--p 0000f000 fd:01 3284523                    /usr/lib/x86_64-linux-gnu/libXext.so.6.4.0
7f47e8063000-7f47e8064000 r--p 00012000 fd:01 3284523                    /usr/lib/x86_64-linux-gnu/libXext.so.6.4.0
7f47e8064000-7f47e8065000 rw-p 00013000 fd:01 3284523                    /usr/lib/x86_64-linux-gnu/libXext.so.6.4.0
7f47e8065000-7f47e8066000 r--p 00000000 fd:01 3284559                    /usr/lib/x86_64-linux-gnu/libXxf86vm.so.1.0.0
7f47e8066000-7f47e8069000 r-xp 00001000 fd:01 3284559                    /usr/lib/x86_64-linux-gnu/libXxf86vm.so.1.0.0
7f47e8069000-7f47e806a000 r--p 00004000 fd:01 3284559                    /usr/lib/x86_64-linux-gnu/libXxf86vm.so.1.0.0
7f47e806a000-7f47e806b000 r--p 00004000 fd:01 3284559                    /usr/lib/x86_64-linux-gnu/libXxf86vm.so.1.0.0
7f47e806b000-7f47e806c000 rw-p 00005000 fd:01 3284559                    /usr/lib/x86_64-linux-gnu/libXxf86vm.so.1.0.0
7f47e806c000-7f47e8070000 r--p 00000000 fd:01 3284679                    /usr/lib/x86_64-linux-gnu/libbsd.so.0.10.0
7f47e8070000-7f47e807f000 r-xp 00004000 fd:01 3284679                    /usr/lib/x86_64-linux-gnu/libbsd.so.0.10.0
7f47e807f000-7f47e8082000 r--p 00013000 fd:01 3284679                    /usr/lib/x86_64-linux-gnu/libbsd.so.0.10.0
7f47e8082000-7f47e8083000 ---p 00016000 fd:01 3284679                    /usr/lib/x86_64-linux-gnu/libbsd.so.0.10.0
7f47e8083000-7f47e8084000 r--p 00016000 fd:01 3284679                    /usr/lib/x86_64-linux-gnu/libbsd.so.0.10.0
7f47e8084000-7f47e8085000 rw-p 00017000 fd:01 3284679                    /usr/lib/x86_64-linux-gnu/libbsd.so.0.10.0
7f47e8085000-7f47e8086000 rw-p 00000000 00:00 0 
7f47e8086000-7f47e8088000 r--p 00000000 fd:01 3284521                    /usr/lib/x86_64-linux-gnu/libXdmcp.so.6.0.0
7f47e8088000-7f47e808a000 r-xp 00002000 fd:01 3284521                    /usr/lib/x86_64-linux-gnu/libXdmcp.so.6.0.0
7f47e808a000-7f47e808c000 r--p 00004000 fd:01 3284521                    /usr/lib/x86_64-linux-gnu/libXdmcp.so.6.0.0
7f47e808c000-7f47e808d000 r--p 00005000 fd:01 3284521                    /usr/lib/x86_64-linux-gnu/libXdmcp.so.6.0.0
7f47e808d000-7f47e808e000 rw-p 00006000 fd:01 3284521                    /usr/lib/x86_64-linux-gnu/libXdmcp.so.6.0.0
7f47e808e000-7f47e8099000 r--p 00000000 fd:01 3285960                    /usr/lib/x86_64-linux-gnu/libxcb.so.1.1.0
7f47e8099000-7f47e80ac000 r-xp 0000b000 fd:01 3285960                    /usr/lib/x86_64-linux-gnu/libxcb.so.1.1.0
7f47e80ac000-7f47e80b5000 r--p 0001e000 fd:01 3285960                    /usr/lib/x86_64-linux-gnu/libxcb.so.1.1.0
7f47e80b5000-7f47e80b6000 r--p 00026000 fd:01 3285960                    /usr/lib/x86_64-linux-gnu/libxcb.so.1.1.0
7f47e80b6000-7f47e80b7000 rw-p 00027000 fd:01 3285960                    /usr/lib/x86_64-linux-gnu/libxcb.so.1.1.0
7f47e80b7000-7f47e80e8000 rw-p 00000000 00:00 0 
7f47e80e8000-7f47e80ec000 ---p 00000000 00:00 0 
7f47e80ec000-7f47e81e9000 rw-p 00000000 00:00 0 
7f47e81e9000-7f47e81ed000 ---p 00000000 00:00 0 
7f47e81ed000-7f47e82ea000 rw-p 00000000 00:00 0 
7f47e82ea000-7f47e8ad3000 r--p 00000000 fd:01 3282727                    /usr/lib/locale/locale-archive
7f47e8ad3000-7f47e8ad7000 ---p 00000000 00:00 0 
7f47e8ad7000-7f47e8bd4000 rw-p 00000000 00:00 0 
7f47e8bd4000-7f47e8bd8000 ---p 00000000 00:00 0 
7f47e8bd8000-7f47e8cd5000 rw-p 00000000 00:00 0 
7f47e8cd5000-7f47e8cd6000 ---p 00000000 00:00 0 
7f47e8cd6000-7f47e9658000 rw-p 00000000 00:00 0 
7f47e9658000-7f47e9659000 ---p 00000000 00:00 0 
7f47e9659000-7f47e975a000 rw-p 00000000 00:00 0 
7f47e975a000-7f47e975b000 ---p 00000000 00:00 0 
7f47e975b000-7f47e9c60000 rw-p 00000000 00:00 0 
7f47e9c60000-7f47e9c61000 ---p 00000000 00:00 0 
7f47e9c61000-7f47e9d62000 rw-p 00000000 00:00 0 
7f47e9d62000-7f47e9d63000 ---p 00000000 00:00 0 
7f47e9d63000-7f47e9f54000 rw-p 00000000 00:00 0 
7f47e9f54000-7f47ead4c000 ---p 00000000 00:00 0 
7f47ead4c000-7f47eae44000 rw-p 00000000 00:00 0 
7f47eae44000-7f47ebc3c000 ---p 00000000 00:00 0 
7f47ebc3c000-7f47ebc62000 rw-p 00000000 00:00 0 
7f47ebc62000-7f47ebe21000 ---p 00000000 00:00 0 
7f47ebe21000-7f47ebe40000 rw-p 00000000 00:00 0 
7f47ebe40000-7f47ebfff000 ---p 00000000 00:00 0 
7f47ebfff000-7f47ec000000 rw-p 00000000 00:00 0 
7f47ec000000-7f47ec021000 rw-p 00000000 00:00 0 
7f47ec021000-7f47f0000000 ---p 00000000 00:00 0 
7f47f0001000-7f47f0005000 r-xp 00000000 00:00 0 
7f47f0005000-7f47f0007000 rw-s 00000000 fd:01 396699                     /tmp/.gl3dATB3 (deleted)
7f47f0007000-7f47f001a000 rw-s 00000000 00:06 501                        /dev/nvidiactl
7f47f001a000-7f47f001b000 rw-s 00000000 00:06 501                        /dev/nvidiactl
7f47f001b000-7f47f001f000 rw-s 00000000 00:06 501                        /dev/nvidiactl
7f47f001f000-7f47f0026000 r--s 00000000 fd:01 3938607                    /usr/lib/x86_64-linux-gnu/gconv/gconv-modules.cache
7f47f0026000-7f47f002a000 r--p 00000000 fd:01 3296617                    /usr/lib/jvm/java-11-openjdk-amd64/lib/libnet.so
7f47f002a000-7f47f0039000 r-xp 00004000 fd:01 3296617                    /usr/lib/jvm/java-11-openjdk-amd64/lib/libnet.so
7f47f0039000-7f47f003d000 r--p 00013000 fd:01 3296617                    /usr/lib/jvm/java-11-openjdk-amd64/lib/libnet.so
7f47f003d000-7f47f003e000 r--p 00016000 fd:01 3296617                    /usr/lib/jvm/java-11-openjdk-amd64/lib/libnet.so
7f47f003e000-7f47f003f000 rw-p 00017000 fd:01 3296617                    /usr/lib/jvm/java-11-openjdk-amd64/lib/libnet.so
7f47f003f000-7f47f0046000 r--p 00000000 fd:01 3296618                    /usr/lib/jvm/java-11-openjdk-amd64/lib/libnio.so
7f47f0046000-7f47f004e000 r-xp 00007000 fd:01 3296618                    /usr/lib/jvm/java-11-openjdk-amd64/lib/libnio.so
7f47f004e000-7f47f0051000 r--p 0000f000 fd:01 3296618                    /usr/lib/jvm/java-11-openjdk-amd64/lib/libnio.so
7f47f0051000-7f47f0052000 r--p 00011000 fd:01 3296618                    /usr/lib/jvm/java-11-openjdk-amd64/lib/libnio.so
7f47f0052000-7f47f0053000 rw-p 00012000 fd:01 3296618                    /usr/lib/jvm/java-11-openjdk-amd64/lib/libnio.so
7f47f0053000-7f47f0071000 rw-p 00000000 00:00 0 
7f47f0071000-7f47f0230000 ---p 00000000 00:00 0 
7f47f0230000-7f47f0635000 rw-p 00000000 00:00 0 
7f47f0635000-7f47f0636000 ---p 00000000 00:00 0 
7f47f0636000-7f47f073c000 rw-p 00000000 00:00 0 
7f47f073c000-7f47f0822000 ---p 00000000 00:00 0 
7f47f0822000-7f47f0827000 rw-p 00000000 00:00 0 
7f47f0827000-7f47f090d000 ---p 00000000 00:00 0 
7f47f090d000-7f47f0b7d000 rwxp 00000000 00:00 0 
7f47f0b7d000-7f47f0e9d000 ---p 00000000 00:00 0 
7f47f0e9d000-7f47f110d000 rwxp 00000000 00:00 0 
7f47f110d000-7f47f83d5000 ---p 00000000 00:00 0 
7f47f83d5000-7f47f8645000 rwxp 00000000 00:00 0 
7f47f8645000-7f47ff90d000 ---p 00000000 00:00 0 
7f47ff90d000-7f4808000000 r--s 00000000 fd:01 3296627                    /usr/lib/jvm/java-11-openjdk-amd64/lib/modules
7f4808000000-7f4808be2000 rw-p 00000000 00:00 0 
7f4808be2000-7f480c000000 ---p 00000000 00:00 0 
7f480c000000-7f480c001000 rw-s 00000000 00:06 502                        /dev/nvidia0
7f480c001000-7f480c002000 rw-s 00000000 00:06 502                        /dev/nvidia0
7f480c002000-7f480c003000 rw-s 00000000 00:06 501                        /dev/nvidiactl
7f480c003000-7f480c0e8000 rw-p 00000000 00:00 0 
7f480c0e8000-7f480c0eb000 r--p 00000000 fd:01 3280482                    /usr/lib/x86_64-linux-gnu/libnss_files-2.30.so
7f480c0eb000-7f480c0f2000 r-xp 00003000 fd:01 3280482                    /usr/lib/x86_64-linux-gnu/libnss_files-2.30.so
7f480c0f2000-7f480c0f4000 r--p 0000a000 fd:01 3280482                    /usr/lib/x86_64-linux-gnu/libnss_files-2.30.so
7f480c0f4000-7f480c0f5000 r--p 0000b000 fd:01 3280482                    /usr/lib/x86_64-linux-gnu/libnss_files-2.30.so
7f480c0f5000-7f480c0f6000 rw-p 0000c000 fd:01 3280482                    /usr/lib/x86_64-linux-gnu/libnss_files-2.30.so
7f480c0f6000-7f480c0fc000 rw-p 00000000 00:00 0 
7f480c0fc000-7f480c0fd000 r--p 00000000 fd:01 3284533                    /usr/lib/x86_64-linux-gnu/libXinerama.so.1.0.0
7f480c0fd000-7f480c0fe000 r-xp 00001000 fd:01 3284533                    /usr/lib/x86_64-linux-gnu/libXinerama.so.1.0.0
7f480c0fe000-7f480c0ff000 r--p 00002000 fd:01 3284533                    /usr/lib/x86_64-linux-gnu/libXinerama.so.1.0.0
7f480c0ff000-7f480c100000 r--p 00002000 fd:01 3284533                    /usr/lib/x86_64-linux-gnu/libXinerama.so.1.0.0
7f480c100000-7f480c101000 rw-p 00003000 fd:01 3284533                    /usr/lib/x86_64-linux-gnu/libXinerama.so.1.0.0
7f480c101000-7f480c106000 rw-p 00000000 00:00 0 
7f480c106000-7f480c10d000 ---p 00000000 00:00 0 
7f480c10d000-7f480c10f000 r--p 00000000 fd:01 3296609                    /usr/lib/jvm/java-11-openjdk-amd64/lib/libjimage.so
7f480c10f000-7f480c112000 r-xp 00002000 fd:01 3296609                    /usr/lib/jvm/java-11-openjdk-amd64/lib/libjimage.so
7f480c112000-7f480c113000 r--p 00005000 fd:01 3296609                    /usr/lib/jvm/java-11-openjdk-amd64/lib/libjimage.so
7f480c113000-7f480c114000 ---p 00006000 fd:01 3296609                    /usr/lib/jvm/java-11-openjdk-amd64/lib/libjimage.so
7f480c114000-7f480c115000 r--p 00006000 fd:01 3296609                    /usr/lib/jvm/java-11-openjdk-amd64/lib/libjimage.so
7f480c115000-7f480c116000 rw-p 00007000 fd:01 3296609                    /usr/lib/jvm/java-11-openjdk-amd64/lib/libjimage.so
7f480c116000-7f480c118000 r--p 00000000 fd:01 3296626                    /usr/lib/jvm/java-11-openjdk-amd64/lib/libzip.so
7f480c118000-7f480c11c000 r-xp 00002000 fd:01 3296626                    /usr/lib/jvm/java-11-openjdk-amd64/lib/libzip.so
7f480c11c000-7f480c11e000 r--p 00006000 fd:01 3296626                    /usr/lib/jvm/java-11-openjdk-amd64/lib/libzip.so
7f480c11e000-7f480c11f000 r--p 00007000 fd:01 3296626                    /usr/lib/jvm/java-11-openjdk-amd64/lib/libzip.so
7f480c11f000-7f480c120000 rw-p 00008000 fd:01 3296626                    /usr/lib/jvm/java-11-openjdk-amd64/lib/libzip.so
7f480c120000-7f480c12e000 r--p 00000000 fd:01 3296605                    /usr/lib/jvm/java-11-openjdk-amd64/lib/libjava.so
7f480c12e000-7f480c144000 r-xp 0000e000 fd:01 3296605                    /usr/lib/jvm/java-11-openjdk-amd64/lib/libjava.so
7f480c144000-7f480c14b000 r--p 00024000 fd:01 3296605                    /usr/lib/jvm/java-11-openjdk-amd64/lib/libjava.so
7f480c14b000-7f480c14c000 r--p 0002a000 fd:01 3296605                    /usr/lib/jvm/java-11-openjdk-amd64/lib/libjava.so
7f480c14c000-7f480c14e000 rw-p 0002b000 fd:01 3296605                    /usr/lib/jvm/java-11-openjdk-amd64/lib/libjava.so
7f480c14e000-7f480c151000 r--p 00000000 fd:01 3280489                    /usr/lib/x86_64-linux-gnu/librt-2.30.so
7f480c151000-7f480c155000 r-xp 00003000 fd:01 3280489                    /usr/lib/x86_64-linux-gnu/librt-2.30.so
7f480c155000-7f480c157000 r--p 00007000 fd:01 3280489                    /usr/lib/x86_64-linux-gnu/librt-2.30.so
7f480c157000-7f480c158000 r--p 00008000 fd:01 3280489                    /usr/lib/x86_64-linux-gnu/librt-2.30.so
7f480c158000-7f480c159000 rw-p 00009000 fd:01 3280489                    /usr/lib/x86_64-linux-gnu/librt-2.30.so
7f480c159000-7f480c15d000 ---p 00000000 00:00 0 
7f480c15d000-7f480c25a000 rw-p 00000000 00:00 0 
7f480c25a000-7f480c25d000 r--p 00000000 fd:01 3284962                    /usr/lib/x86_64-linux-gnu/libgcc_s.so.1
7f480c25d000-7f480c26e000 r-xp 00003000 fd:01 3284962                    /usr/lib/x86_64-linux-gnu/libgcc_s.so.1
7f480c26e000-7f480c272000 r--p 00014000 fd:01 3284962                    /usr/lib/x86_64-linux-gnu/libgcc_s.so.1
7f480c272000-7f480c273000 r--p 00017000 fd:01 3284962                    /usr/lib/x86_64-linux-gnu/libgcc_s.so.1
7f480c273000-7f480c274000 rw-p 00018000 fd:01 3284962                    /usr/lib/x86_64-linux-gnu/libgcc_s.so.1
7f480c274000-7f480c283000 r--p 00000000 fd:01 3280476                    /usr/lib/x86_64-linux-gnu/libm-2.30.so
7f480c283000-7f480c32a000 r-xp 0000f000 fd:01 3280476                    /usr/lib/x86_64-linux-gnu/libm-2.30.so
7f480c32a000-7f480c3c1000 r--p 000b6000 fd:01 3280476                    /usr/lib/x86_64-linux-gnu/libm-2.30.so
7f480c3c1000-7f480c3c2000 r--p 0014c000 fd:01 3280476                    /usr/lib/x86_64-linux-gnu/libm-2.30.so
7f480c3c2000-7f480c3c3000 rw-p 0014d000 fd:01 3280476                    /usr/lib/x86_64-linux-gnu/libm-2.30.so
7f480c3c3000-7f480c459000 r--p 00000000 fd:01 3285748                    /usr/lib/x86_64-linux-gnu/libstdc++.so.6.0.28
7f480c459000-7f480c556000 r-xp 00096000 fd:01 3285748                    /usr/lib/x86_64-linux-gnu/libstdc++.so.6.0.28
7f480c556000-7f480c5a0000 r--p 00193000 fd:01 3285748                    /usr/lib/x86_64-linux-gnu/libstdc++.so.6.0.28
7f480c5a0000-7f480c5ab000 r--p 001dc000 fd:01 3285748                    /usr/lib/x86_64-linux-gnu/libstdc++.so.6.0.28
7f480c5ab000-7f480c5ae000 rw-p 001e7000 fd:01 3285748                    /usr/lib/x86_64-linux-gnu/libstdc++.so.6.0.28
7f480c5ae000-7f480c5b1000 rw-p 00000000 00:00 0 
7f480c5b1000-7f480c81e000 r--p 00000000 fd:01 3296632                    /usr/lib/jvm/java-11-openjdk-amd64/lib/server/libjvm.so
7f480c81e000-7f480d3b1000 r-xp 0026d000 fd:01 3296632                    /usr/lib/jvm/java-11-openjdk-amd64/lib/server/libjvm.so
7f480d3b1000-7f480d5e7000 r--p 00e00000 fd:01 3296632                    /usr/lib/jvm/java-11-openjdk-amd64/lib/server/libjvm.so
7f480d5e7000-7f480d5e8000 ---p 01036000 fd:01 3296632                    /usr/lib/jvm/java-11-openjdk-amd64/lib/server/libjvm.so
7f480d5e8000-7f480d6a5000 r--p 01036000 fd:01 3296632                    /usr/lib/jvm/java-11-openjdk-amd64/lib/server/libjvm.so
7f480d6a5000-7f480d6df000 rw-p 010f3000 fd:01 3296632                    /usr/lib/jvm/java-11-openjdk-amd64/lib/server/libjvm.so
7f480d6df000-7f480d737000 rw-p 00000000 00:00 0 
7f480d737000-7f480d73e000 r--p 00000000 fd:01 3280487                    /usr/lib/x86_64-linux-gnu/libpthread-2.30.so
7f480d73e000-7f480d74f000 r-xp 00007000 fd:01 3280487                    /usr/lib/x86_64-linux-gnu/libpthread-2.30.so
7f480d74f000-7f480d754000 r--p 00018000 fd:01 3280487                    /usr/lib/x86_64-linux-gnu/libpthread-2.30.so
7f480d754000-7f480d755000 r--p 0001c000 fd:01 3280487                    /usr/lib/x86_64-linux-gnu/libpthread-2.30.so
7f480d755000-7f480d756000 rw-p 0001d000 fd:01 3280487                    /usr/lib/x86_64-linux-gnu/libpthread-2.30.so
7f480d756000-7f480d75a000 rw-p 00000000 00:00 0 
7f480d75a000-7f480d75b000 r--p 00000000 fd:01 3280475                    /usr/lib/x86_64-linux-gnu/libdl-2.30.so
7f480d75b000-7f480d75d000 r-xp 00001000 fd:01 3280475                    /usr/lib/x86_64-linux-gnu/libdl-2.30.so
7f480d75d000-7f480d75e000 r--p 00003000 fd:01 3280475                    /usr/lib/x86_64-linux-gnu/libdl-2.30.so
7f480d75e000-7f480d75f000 r--p 00003000 fd:01 3280475                    /usr/lib/x86_64-linux-gnu/libdl-2.30.so
7f480d75f000-7f480d760000 rw-p 00004000 fd:01 3280475                    /usr/lib/x86_64-linux-gnu/libdl-2.30.so
7f480d760000-7f480d762000 r--p 00000000 fd:01 3285990                    /usr/lib/x86_64-linux-gnu/libz.so.1.2.11
7f480d762000-7f480d773000 r-xp 00002000 fd:01 3285990                    /usr/lib/x86_64-linux-gnu/libz.so.1.2.11
7f480d773000-7f480d779000 r--p 00013000 fd:01 3285990                    /usr/lib/x86_64-linux-gnu/libz.so.1.2.11
7f480d779000-7f480d77a000 ---p 00019000 fd:01 3285990                    /usr/lib/x86_64-linux-gnu/libz.so.1.2.11
7f480d77a000-7f480d77b000 r--p 00019000 fd:01 3285990                    /usr/lib/x86_64-linux-gnu/libz.so.1.2.11
7f480d77b000-7f480d77c000 rw-p 0001a000 fd:01 3285990                    /usr/lib/x86_64-linux-gnu/libz.so.1.2.11
7f480d77c000-7f480d7a1000 r--p 00000000 fd:01 3280473                    /usr/lib/x86_64-linux-gnu/libc-2.30.so
7f480d7a1000-7f480d919000 r-xp 00025000 fd:01 3280473                    /usr/lib/x86_64-linux-gnu/libc-2.30.so
7f480d919000-7f480d963000 r--p 0019d000 fd:01 3280473                    /usr/lib/x86_64-linux-gnu/libc-2.30.so
7f480d963000-7f480d966000 r--p 001e6000 fd:01 3280473                    /usr/lib/x86_64-linux-gnu/libc-2.30.so
7f480d966000-7f480d969000 rw-p 001e9000 fd:01 3280473                    /usr/lib/x86_64-linux-gnu/libc-2.30.so
7f480d969000-7f480d96d000 rw-p 00000000 00:00 0 
7f480d96d000-7f480d96e000 r--p 00000000 fd:01 3284510                    /usr/lib/x86_64-linux-gnu/libXau.so.6.0.0
7f480d96e000-7f480d970000 r-xp 00001000 fd:01 3284510                    /usr/lib/x86_64-linux-gnu/libXau.so.6.0.0
7f480d970000-7f480d971000 r--p 00003000 fd:01 3284510                    /usr/lib/x86_64-linux-gnu/libXau.so.6.0.0
7f480d971000-7f480d972000 r--p 00003000 fd:01 3284510                    /usr/lib/x86_64-linux-gnu/libXau.so.6.0.0
7f480d972000-7f480d973000 rw-p 00004000 fd:01 3284510                    /usr/lib/x86_64-linux-gnu/libXau.so.6.0.0
7f480d973000-7f480d975000 r--s 0000c000 fd:01 4066824                    /usr/share/java/java-atk-wrapper.jar
7f480d975000-7f480d97d000 rw-s 00000000 fd:01 396698                     /tmp/hsperfdata_martin/25760
7f480d97d000-7f480d97e000 ---p 00000000 00:00 0 
7f480d97e000-7f480d97f000 r--p 00000000 00:00 0 
7f480d97f000-7f480d984000 r--p 00000000 fd:01 3296625                    /usr/lib/jvm/java-11-openjdk-amd64/lib/libverify.so
7f480d984000-7f480d98b000 r-xp 00005000 fd:01 3296625                    /usr/lib/jvm/java-11-openjdk-amd64/lib/libverify.so
7f480d98b000-7f480d98d000 r--p 0000c000 fd:01 3296625                    /usr/lib/jvm/java-11-openjdk-amd64/lib/libverify.so
7f480d98d000-7f480d98e000 ---p 0000e000 fd:01 3296625                    /usr/lib/jvm/java-11-openjdk-amd64/lib/libverify.so
7f480d98e000-7f480d990000 r--p 0000e000 fd:01 3296625                    /usr/lib/jvm/java-11-openjdk-amd64/lib/libverify.so
7f480d990000-7f480d991000 rw-p 00010000 fd:01 3296625                    /usr/lib/jvm/java-11-openjdk-amd64/lib/libverify.so
7f480d991000-7f480d994000 r--p 00000000 fd:01 3296589                    /usr/lib/jvm/java-11-openjdk-amd64/lib/jli/libjli.so
7f480d994000-7f480d99e000 r-xp 00003000 fd:01 3296589                    /usr/lib/jvm/java-11-openjdk-amd64/lib/jli/libjli.so
7f480d99e000-7f480d9a1000 r--p 0000d000 fd:01 3296589                    /usr/lib/jvm/java-11-openjdk-amd64/lib/jli/libjli.so
7f480d9a1000-7f480d9a2000 r--p 0000f000 fd:01 3296589                    /usr/lib/jvm/java-11-openjdk-amd64/lib/jli/libjli.so
7f480d9a2000-7f480d9a3000 rw-p 00010000 fd:01 3296589                    /usr/lib/jvm/java-11-openjdk-amd64/lib/jli/libjli.so
7f480d9a3000-7f480d9a5000 rw-p 00000000 00:00 0 
7f480d9a5000-7f480d9a6000 r--p 00000000 fd:01 3280469                    /usr/lib/x86_64-linux-gnu/ld-2.30.so
7f480d9a6000-7f480d9c8000 r-xp 00001000 fd:01 3280469                    /usr/lib/x86_64-linux-gnu/ld-2.30.so
7f480d9c8000-7f480d9d0000 r--p 00023000 fd:01 3280469                    /usr/lib/x86_64-linux-gnu/ld-2.30.so
7f480d9d0000-7f480d9d1000 r-xp 00000000 00:00 0 
7f480d9d1000-7f480d9d2000 r--p 0002b000 fd:01 3280469                    /usr/lib/x86_64-linux-gnu/ld-2.30.so
7f480d9d2000-7f480d9d3000 rw-p 0002c000 fd:01 3280469                    /usr/lib/x86_64-linux-gnu/ld-2.30.so
7f480d9d3000-7f480d9d4000 rw-p 00000000 00:00 0 
7ffccba3c000-7ffccba5e000 rw-p 00000000 00:00 0                          [stack]
7ffccbacc000-7ffccbacf000 r--p 00000000 00:00 0                          [vvar]
7ffccbacf000-7ffccbad0000 r-xp 00000000 00:00 0                          [vdso]
ffffffffff600000-ffffffffff601000 --xp 00000000 00:00 0                  [vsyscall]


VM Arguments:
jvm_args: -Dfile.encoding=UTF-8 -Duser.country=US -Duser.language=en -Duser.variant 
java_command: Main
java_class_path (initial): /home/martin/JavaMario/build/classes/java/main:/home/martin/JavaMario/build/resources/main:/home/martin/.gradle/caches/modules-2/files-2.1/org.lwjgl/lwjgl-assimp/3.2.3/f62aa07a20afbdd3097efc296c4841e0d29700eb/lwjgl-assimp-3.2.3.jar:/home/martin/.gradle/caches/modules-2/files-2.1/org.lwjgl/lwjgl-assimp/3.2.3/9ecc218db17c49f2819a5a80dee7efea65a9ac4f/lwjgl-assimp-3.2.3-natives-linux.jar:/home/martin/.gradle/caches/modules-2/files-2.1/org.lwjgl/lwjgl-glfw/3.2.3/5e520d5c290c8b012545a8d34fa5db5ab051ea53/lwjgl-glfw-3.2.3.jar:/home/martin/.gradle/caches/modules-2/files-2.1/org.lwjgl/lwjgl-glfw/3.2.3/62b044d9b0a057444bef2ab70b9afc288ec09dba/lwjgl-glfw-3.2.3-natives-linux.jar:/home/martin/.gradle/caches/modules-2/files-2.1/org.lwjgl/lwjgl-nfd/3.2.3/c44fee1043c022cf6614a28872d44cf114ca7737/lwjgl-nfd-3.2.3.jar:/home/martin/.gradle/caches/modules-2/files-2.1/org.lwjgl/lwjgl-nfd/3.2.3/e473f9c4814eb3e3cb8a8235266b10fee8063d09/lwjgl-nfd-3.2.3-natives-linux.jar:/home/martin/.gradle/caches/modules-2/files-2.1/org.lwjgl/lwjgl-openal/3.2.3/106742e805803ab9eab8e343f0fb31a3d263903c/lwjgl-openal-3.2.3.jar:/home/martin/.gradle/caches/modules-2/files-2.1/org.lwjgl/lwjgl-openal/3.2.3/869ddd9dbbf92a7d1be7f5942ca0adbde068d999/lwjgl-openal-3.2.3-natives-linux.jar:/home/martin/.gradle/caches/modules-2/files-2.1/org.lwjgl/lwjgl-opengl/3.2.3/bdd534a323d0c8f54969b95e424b6ac8984f7d6e/lwjgl-opengl-3.2.3.jar:/home/martin/.gradle/caches/modules-2/files-2.1/org.lwjgl/lwjgl-opengl/3.2.3/7f14db5da9aa7951efe88993f519d7d38ad6e46b/lwjgl-opengl-3.2.3-natives-linux.jar:/home/martin/.gradle/caches/modules-2/files-2.1/org.lwjgl/lwjgl-stb/3.2.3/40eccaa4fa86fc815f2e17946a392fb5fdcc286a/lwjgl-stb-3.2.3.jar:/home/martin/.gradle/caches/modules-2/files-2.1/org.lwjgl/lwjgl-stb/3.2.3/189950254d81e9214b39cc656163541bf1accbba/lwjgl-stb-3.2.3-natives-linux.jar:/home/martin/.gradle/caches/modules-2/files-2.1/org.lwjgl/lwjgl/3.2.3/17a59ba0fe8d474ec9dbe0d5db40d2cfe59c4c08/lwjgl-3.2.3.jar:/home/mar
Launcher Type: SUN_STANDARD

[Global flags]
     intx CICompilerCount                          = 3                                         {product} {ergonomic}
     uint ConcGCThreads                            = 1                                         {product} {ergonomic}
     uint G1ConcRefinementThreads                  = 4                                         {product} {ergonomic}
   size_t G1HeapRegionSize                         = 1048576                                   {product} {ergonomic}
    uintx GCDrainStackTargetSize                   = 64                                        {product} {ergonomic}
   size_t InitialHeapSize                          = 62914560                                  {product} {ergonomic}
   size_t MarkStackSize                            = 4194304                                   {product} {ergonomic}
   size_t MaxHeapSize                              = 1002438656                                {product} {ergonomic}
   size_t MaxNewSize                               = 600834048                                 {product} {ergonomic}
   size_t MinHeapDeltaBytes                        = 1048576                                   {product} {ergonomic}
    uintx NonNMethodCodeHeapSize                   = 5830732                                {pd product} {ergonomic}
    uintx NonProfiledCodeHeapSize                  = 122913754                              {pd product} {ergonomic}
    uintx ProfiledCodeHeapSize                     = 122913754                              {pd product} {ergonomic}
    uintx ReservedCodeCacheSize                    = 251658240                              {pd product} {ergonomic}
     bool SegmentedCodeCache                       = true                                      {product} {ergonomic}
     bool UseCompressedClassPointers               = true                                 {lp64_product} {ergonomic}
     bool UseCompressedOops                        = true                                 {lp64_product} {ergonomic}
     bool UseG1GC                                  = true                                      {product} {ergonomic}

Logging:
Log output configuration:
 #0: stdout all=warning uptime,level,tags
 #1: stderr all=off uptime,level,tags

Environment Variables:
PATH=/home/martin/.cargo/bin:/home/martin/.local/bin:/usr/local/sbin:/usr/local/bin:/usr/sbin:/usr/bin:/sbin:/bin:/usr/games:/usr/local/games:/snap/bin:/home/martin/.fzf/bin
SHELL=/bin/bash
DISPLAY=:0

Signal Handlers:
SIGSEGV: [libjvm.so+0xd8d310], sa_mask[0]=11111111011111111101111111111110, sa_flags=SA_RESTART|SA_SIGINFO
SIGBUS: [libjvm.so+0xd8d310], sa_mask[0]=11111111011111111101111111111110, sa_flags=SA_RESTART|SA_SIGINFO
SIGFPE: [libjvm.so+0xd8d310], sa_mask[0]=11111111011111111101111111111110, sa_flags=SA_RESTART|SA_SIGINFO
SIGPIPE: [libjvm.so+0xb85dd0], sa_mask[0]=11111111011111111101111111111110, sa_flags=SA_RESTART|SA_SIGINFO
SIGXFSZ: [libjvm.so+0xb85dd0], sa_mask[0]=11111111011111111101111111111110, sa_flags=SA_RESTART|SA_SIGINFO
SIGILL: [libjvm.so+0xd8d310], sa_mask[0]=11111111011111111101111111111110, sa_flags=SA_RESTART|SA_SIGINFO
SIGUSR2: [libjvm.so+0xb85c70], sa_mask[0]=00100000000000000000000000000000, sa_flags=SA_RESTART|SA_SIGINFO
SIGHUP: [libjvm.so+0xb86110], sa_mask[0]=11111111011111111101111111111110, sa_flags=SA_RESTART|SA_SIGINFO
SIGINT: [libjvm.so+0xb86110], sa_mask[0]=11111111011111111101111111111110, sa_flags=SA_RESTART|SA_SIGINFO
SIGTERM: [libjvm.so+0xb86110], sa_mask[0]=11111111011111111101111111111110, sa_flags=SA_RESTART|SA_SIGINFO
SIGQUIT: [libjvm.so+0xb86110], sa_mask[0]=11111111011111111101111111111110, sa_flags=SA_RESTART|SA_SIGINFO


---------------  S Y S T E M  ---------------

OS:DISTRIB_ID=Ubuntu
DISTRIB_RELEASE=19.10
DISTRIB_CODENAME=eoan
DISTRIB_DESCRIPTION="Ubuntu 19.10"
uname:Linux 5.3.0-64-generic #58-Ubuntu SMP Fri Jul 10 19:33:51 UTC 2020 x86_64
OS uptime: 0 days 14:15 hours
libc:glibc 2.30 NPTL 2.30 
rlimit: STACK 8192k, CORE 0k, NPROC 14908, NOFILE 1048576, AS infinity, CPU infinity, DATA infinity, FSIZE infinity
load average:1.35 1.95 2.09

/proc/meminfo:
MemTotal:        3914316 kB
MemFree:          133412 kB
MemAvailable:     426636 kB
Buffers:           49756 kB
Cached:           538056 kB
SwapCached:        34368 kB
Active:          2682892 kB
Inactive:         715708 kB
Active(anon):    2429264 kB
Inactive(anon):   502932 kB
Active(file):     253628 kB
Inactive(file):   212776 kB
Unevictable:         296 kB
Mlocked:              32 kB
SwapTotal:       3096568 kB
SwapFree:        2205900 kB
Dirty:              3340 kB
Writeback:             0 kB
AnonPages:       2797984 kB
Mapped:           404604 kB
Shmem:            130836 kB
KReclaimable:      70524 kB
Slab:             201768 kB
SReclaimable:      70524 kB
SUnreclaim:       131244 kB
KernelStack:       15088 kB
PageTables:        30908 kB
NFS_Unstable:          0 kB
Bounce:                0 kB
WritebackTmp:          0 kB
CommitLimit:     5053724 kB
Committed_AS:    8145292 kB
VmallocTotal:   34359738367 kB
VmallocUsed:       53460 kB
VmallocChunk:          0 kB
Percpu:             3856 kB
HardwareCorrupted:     0 kB
AnonHugePages:         0 kB
ShmemHugePages:        0 kB
ShmemPmdMapped:        0 kB
CmaTotal:              0 kB
CmaFree:               0 kB
HugePages_Total:       0
HugePages_Free:        0
HugePages_Rsvd:        0
HugePages_Surp:        0
Hugepagesize:       2048 kB
Hugetlb:               0 kB
DirectMap4k:      500480 kB
DirectMap2M:     3577856 kB


/proc/sys/kernel/threads-max (system-wide limit on the number of threads):
29816


/proc/sys/vm/max_map_count (maximum number of memory map areas a process may have):
65530


/proc/sys/kernel/pid_max (system-wide limit on number of process identifiers):
32768



container (cgroup) information:
container_type: cgroupv1
cpu_cpuset_cpus: 0-3
cpu_memory_nodes: 0
active_processor_count: 4
cpu_quota: -1
cpu_period: 100000
cpu_shares: -1
memory_limit_in_bytes: -1
memory_and_swap_limit_in_bytes: -2
memory_soft_limit_in_bytes: -1
memory_usage_in_bytes: 3353829376
memory_max_usage_in_bytes: 3439386624

Steal ticks since vm start: 0
Steal ticks percentage since vm start:  0.000

CPU:total 4 (initial active 4) (4 cores per cpu, 1 threads per core) family 6 model 55 stepping 8, cmov, cx8, fxsr, mmx, sse, sse2, sse3, ssse3, sse4.1, sse4.2, popcnt, clmul, erms, 3dnowpref, tsc, tscinvbit
CPU Model and flags from /proc/cpuinfo:
model name	: Intel(R) Pentium(R) CPU  N3540  @ 2.16GHz
flags		: fpu vme de pse tsc msr pae mce cx8 apic sep mtrr pge mca cmov pat pse36 clflush dts acpi mmx fxsr sse sse2 ss ht tm pbe syscall nx rdtscp lm constant_tsc arch_perfmon pebs bts rep_good nopl xtopology tsc_reliable nonstop_tsc cpuid aperfmperf tsc_known_freq pni pclmulqdq dtes64 monitor ds_cpl vmx est tm2 ssse3 cx16 xtpr pdcm sse4_1 sse4_2 movbe popcnt tsc_deadline_timer rdrand lahf_lm 3dnowprefetch epb pti ibrs ibpb stibp tpr_shadow vnmi flexpriority ept vpid tsc_adjust smep erms dtherm ida arat md_clear

Memory: 4k page, physical 3914316k(133412k free), swap 3096568k(2205900k free)

vm_info: OpenJDK 64-Bit Server VM (11.0.7+10-post-Ubuntu-2ubuntu219.10) for linux-amd64 JRE (11.0.7+10-post-Ubuntu-2ubuntu219.10), built on Apr 15 2020 21:12:54 by "unknown" with gcc 9.2.1 20191008

END.
